28-Sep-2022 08:37:14.005 INFORMACIÓN [main] org.apache.catalina.startup.VersionLoggerListener.log Nombre de la versión del servidor: Apache Tomcat/10.0.26
28-Sep-2022 08:37:14.010 INFORMACIÓN [main] org.apache.catalina.startup.VersionLoggerListener.log Server built:                      Sep 23 2022 10:25:44 UTC
28-Sep-2022 08:37:14.010 INFORMACIÓN [main] org.apache.catalina.startup.VersionLoggerListener.log Número de versión de servidor:     10.0.26.0
28-Sep-2022 08:37:14.011 INFORMACIÓN [main] org.apache.catalina.startup.VersionLoggerListener.log OS Name:                           Windows 10
28-Sep-2022 08:37:14.011 INFORMACIÓN [main] org.apache.catalina.startup.VersionLoggerListener.log Versión de Systema Operativo:      10.0
28-Sep-2022 08:37:14.011 INFORMACIÓN [main] org.apache.catalina.startup.VersionLoggerListener.log Arquitectura:                      amd64
28-Sep-2022 08:37:14.011 INFORMACIÓN [main] org.apache.catalina.startup.VersionLoggerListener.log Java Home:                         C:\Program Files\OpenJDK\openjdk-11.0.14.1_1
28-Sep-2022 08:37:14.011 INFORMACIÓN [main] org.apache.catalina.startup.VersionLoggerListener.log JVM Version:                       11.0.14.1+1
28-Sep-2022 08:37:14.011 INFORMACIÓN [main] org.apache.catalina.startup.VersionLoggerListener.log Vededor JVM:                       Oracle Corporation
28-Sep-2022 08:37:14.011 INFORMACIÓN [main] org.apache.catalina.startup.VersionLoggerListener.log CATALINA_BASE:                     D:\ISIL\IVCICLO\DESARROLLO_DE_APLICACIONES_EMPRESARIALES\apache-tomcat-10.0.26
28-Sep-2022 08:37:14.012 INFORMACIÓN [main] org.apache.catalina.startup.VersionLoggerListener.log CATALINA_HOME:                     D:\ISIL\IVCICLO\DESARROLLO_DE_APLICACIONES_EMPRESARIALES\apache-tomcat-10.0.26
28-Sep-2022 08:37:14.032 INFORMACIÓN [main] org.apache.catalina.startup.VersionLoggerListener.log Command line argument:             --add-opens=java.base/java.lang=ALL-UNNAMED
28-Sep-2022 08:37:14.032 INFORMACIÓN [main] org.apache.catalina.startup.VersionLoggerListener.log Command line argument:             --add-opens=java.base/java.io=ALL-UNNAMED
28-Sep-2022 08:37:14.032 INFORMACIÓN [main] org.apache.catalina.startup.VersionLoggerListener.log Command line argument:             --add-opens=java.base/java.util=ALL-UNNAMED
28-Sep-2022 08:37:14.032 INFORMACIÓN [main] org.apache.catalina.startup.VersionLoggerListener.log Command line argument:             --add-opens=java.base/java.util.concurrent=ALL-UNNAMED
28-Sep-2022 08:37:14.032 INFORMACIÓN [main] org.apache.catalina.startup.VersionLoggerListener.log Command line argument:             --add-opens=java.rmi/sun.rmi.transport=ALL-UNNAMED
28-Sep-2022 08:37:14.032 INFORMACIÓN [main] org.apache.catalina.startup.VersionLoggerListener.log Command line argument:             -Djava.util.logging.config.file=D:\ISIL\IVCICLO\DESARROLLO_DE_APLICACIONES_EMPRESARIALES\apache-tomcat-10.0.26\conf\logging.properties
28-Sep-2022 08:37:14.033 INFORMACIÓN [main] org.apache.catalina.startup.VersionLoggerListener.log Command line argument:             -Djava.util.logging.manager=org.apache.juli.ClassLoaderLogManager
28-Sep-2022 08:37:14.033 INFORMACIÓN [main] org.apache.catalina.startup.VersionLoggerListener.log Command line argument:             -Dhttp.nonProxyHosts=localhost|127.0.0.1|S173-222
28-Sep-2022 08:37:14.033 INFORMACIÓN [main] org.apache.catalina.startup.VersionLoggerListener.log Command line argument:             -Djdk.tls.ephemeralDHKeySize=2048
28-Sep-2022 08:37:14.033 INFORMACIÓN [main] org.apache.catalina.startup.VersionLoggerListener.log Command line argument:             -Djava.protocol.handler.pkgs=org.apache.catalina.webresources
28-Sep-2022 08:37:14.033 INFORMACIÓN [main] org.apache.catalina.startup.VersionLoggerListener.log Command line argument:             -Dignore.endorsed.dirs=
28-Sep-2022 08:37:14.033 INFORMACIÓN [main] org.apache.catalina.startup.VersionLoggerListener.log Command line argument:             -Dcatalina.base=D:\ISIL\IVCICLO\DESARROLLO_DE_APLICACIONES_EMPRESARIALES\apache-tomcat-10.0.26
28-Sep-2022 08:37:14.077 INFORMACIÓN [main] org.apache.catalina.startup.VersionLoggerListener.log Command line argument:             -Dcatalina.home=D:\ISIL\IVCICLO\DESARROLLO_DE_APLICACIONES_EMPRESARIALES\apache-tomcat-10.0.26
28-Sep-2022 08:37:14.077 INFORMACIÓN [main] org.apache.catalina.startup.VersionLoggerListener.log Command line argument:             -Djava.io.tmpdir=D:\ISIL\IVCICLO\DESARROLLO_DE_APLICACIONES_EMPRESARIALES\apache-tomcat-10.0.26\temp
28-Sep-2022 08:37:14.107 INFORMACIÓN [main] org.apache.catalina.core.AprLifecycleListener.lifecycleEvent Cargada la biblioteca nativa APR de Apache Tomcat [1.2.35] con la versión APR [1.7.0].
28-Sep-2022 08:37:14.108 INFORMACIÓN [main] org.apache.catalina.core.AprLifecycleListener.lifecycleEvent Capacidades APR: IPv6 [true], enviar fichero [true], aceptar filtros [false], aleatorio [true], UDS [true].
28-Sep-2022 08:37:14.124 INFORMACIÓN [main] org.apache.catalina.core.AprLifecycleListener.initializeSSL OpenSSL inicializado correctamente [OpenSSL 1.1.1q  5 Jul 2022]
28-Sep-2022 08:37:14.532 INFORMACIÓN [main] org.apache.coyote.AbstractProtocol.init Inicializando el manejador de protocolo ["http-nio-8080"]

28-Sep-2022 08:37:14.556 INFORMACIÓN [main] org.apache.catalina.startup.Catalina.load Server initialization in [793] milliseconds
28-Sep-2022 08:37:14.630 INFORMACIÓN [main] org.apache.catalina.core.StandardService.startInternal Arrancando servicio [Catalina]
28-Sep-2022 08:37:14.631 INFORMACIÓN [main] org.apache.catalina.core.StandardEngine.startInternal Starting Servlet engine: [Apache Tomcat/10.0.26]
28-Sep-2022 08:37:14.642 INFORMACIÓN [main] org.apache.catalina.startup.HostConfig.deployDirectory Desplegando el directorio [D:\ISIL\IVCICLO\DESARROLLO_DE_APLICACIONES_EMPRESARIALES\apache-tomcat-10.0.26\webapps\docs] de la aplicación web
28-Sep-2022 08:37:15.226 ADVERTENCIA [main] org.apache.catalina.util.SessionIdGeneratorBase.createSecureRandom Creation of SecureRandom instance for session ID generation using [SHA1PRNG] took [235] milliseconds.
28-Sep-2022 08:37:15.252 INFORMACIÓN [main] org.apache.catalina.startup.HostConfig.deployDirectory Deployment of web application directory [D:\ISIL\IVCICLO\DESARROLLO_DE_APLICACIONES_EMPRESARIALES\apache-tomcat-10.0.26\webapps\docs] has finished in [611] ms
28-Sep-2022 08:37:15.253 INFORMACIÓN [main] org.apache.catalina.startup.HostConfig.deployDirectory Desplegando el directorio [D:\ISIL\IVCICLO\DESARROLLO_DE_APLICACIONES_EMPRESARIALES\apache-tomcat-10.0.26\webapps\examples] de la aplicación web
28-Sep-2022 08:37:15.859 INFORMACIÓN [main] org.apache.catalina.startup.HostConfig.deployDirectory Deployment of web application directory [D:\ISIL\IVCICLO\DESARROLLO_DE_APLICACIONES_EMPRESARIALES\apache-tomcat-10.0.26\webapps\examples] has finished in [605] ms
28-Sep-2022 08:37:15.859 INFORMACIÓN [main] org.apache.catalina.startup.HostConfig.deployDirectory Desplegando el directorio [D:\ISIL\IVCICLO\DESARROLLO_DE_APLICACIONES_EMPRESARIALES\apache-tomcat-10.0.26\webapps\host-manager] de la aplicación web
28-Sep-2022 08:37:15.911 INFORMACIÓN [main] org.apache.catalina.startup.HostConfig.deployDirectory Deployment of web application directory [D:\ISIL\IVCICLO\DESARROLLO_DE_APLICACIONES_EMPRESARIALES\apache-tomcat-10.0.26\webapps\host-manager] has finished in [52] ms
28-Sep-2022 08:37:15.911 INFORMACIÓN [main] org.apache.catalina.startup.HostConfig.deployDirectory Desplegando el directorio [D:\ISIL\IVCICLO\DESARROLLO_DE_APLICACIONES_EMPRESARIALES\apache-tomcat-10.0.26\webapps\manager] de la aplicación web
28-Sep-2022 08:37:15.950 INFORMACIÓN [main] org.apache.catalina.startup.HostConfig.deployDirectory Deployment of web application directory [D:\ISIL\IVCICLO\DESARROLLO_DE_APLICACIONES_EMPRESARIALES\apache-tomcat-10.0.26\webapps\manager] has finished in [39] ms
28-Sep-2022 08:37:15.950 INFORMACIÓN [main] org.apache.catalina.startup.HostConfig.deployDirectory Desplegando el directorio [D:\ISIL\IVCICLO\DESARROLLO_DE_APLICACIONES_EMPRESARIALES\apache-tomcat-10.0.26\webapps\ROOT] de la aplicación web
28-Sep-2022 08:37:15.987 INFORMACIÓN [main] org.apache.catalina.startup.HostConfig.deployDirectory Deployment of web application directory [D:\ISIL\IVCICLO\DESARROLLO_DE_APLICACIONES_EMPRESARIALES\apache-tomcat-10.0.26\webapps\ROOT] has finished in [37] ms
28-Sep-2022 08:37:15.992 INFORMACIÓN [main] org.apache.coyote.AbstractProtocol.start Starting ProtocolHandler ["http-nio-8080"]
28-Sep-2022 08:37:16.209 INFORMACIÓN [main] org.apache.catalina.startup.Catalina.start Server startup in [1653] milliseconds
28-Sep-2022 08:37:54.342 INFORMACIÓN [http-nio-8080-exec-7] org.apache.catalina.startup.HostConfig.deployDescriptor Desplieque del descriptor de configuración [D:\ISIL\IVCICLO\DESARROLLO_DE_APLICACIONES_EMPRESARIALES\apache-tomcat-10.0.26\conf\Catalina\localhost\mavenproject1.xml]
28-Sep-2022 08:37:54.344 ADVERTENCIA [http-nio-8080-exec-7] org.apache.catalina.startup.HostConfig.deployDescriptor The path attribute with value [/mavenproject1] in deployment descriptor [D:\ISIL\IVCICLO\DESARROLLO_DE_APLICACIONES_EMPRESARIALES\apache-tomcat-10.0.26\conf\Catalina\localhost\mavenproject1.xml] has been ignored
28-Sep-2022 08:37:54.381 INFORMACIÓN [http-nio-8080-exec-7] org.apache.catalina.startup.HostConfig.deployDescriptor Deployment of deployment descriptor [D:\ISIL\IVCICLO\DESARROLLO_DE_APLICACIONES_EMPRESARIALES\apache-tomcat-10.0.26\conf\Catalina\localhost\mavenproject1.xml] has finished in [39] ms
28-Sep-2022 08:37:54.385 INFORMACIÓN [http-nio-8080-exec-8] org.apache.catalina.util.LifecycleBase.start The start() method was called on component [StandardEngine[Catalina].StandardHost[localhost].StandardContext[/mavenproject1]] after start() had already been called. The second call will be ignored.
28-Sep-2022 09:02:15.089 INFORMACIÓN [http-nio-8080-exec-3] org.apache.catalina.core.StandardContext.reload Ha comenzado la recarga de Contexto [/mavenproject1]
28-Sep-2022 09:02:15.129 INFORMACIÓN [http-nio-8080-exec-3] org.apache.catalina.core.StandardContext.reload Se ha completado la recarga de este Contexto
28-Sep-2022 09:02:17.280 INFORMACIÓN [http-nio-8080-exec-6] org.apache.catalina.core.StandardContext.reload Ha comenzado la recarga de Contexto [/mavenproject1]
28-Sep-2022 09:02:17.299 INFORMACIÓN [http-nio-8080-exec-6] org.apache.catalina.core.StandardContext.reload Se ha completado la recarga de este Contexto
28-Sep-2022 09:07:36.726 INFORMACIÓN [http-nio-8080-exec-16] org.apache.catalina.core.StandardContext.reload Ha comenzado la recarga de Contexto [/mavenproject1]
28-Sep-2022 09:07:36.755 INFORMACIÓN [http-nio-8080-exec-16] org.apache.catalina.core.StandardContext.reload Se ha completado la recarga de este Contexto
28-Sep-2022 09:07:52.606 INFORMACIÓN [http-nio-8080-exec-18] org.apache.catalina.core.StandardContext.reload Ha comenzado la recarga de Contexto [/mavenproject1]
28-Sep-2022 09:07:52.626 INFORMACIÓN [http-nio-8080-exec-18] org.apache.catalina.core.StandardContext.reload Se ha completado la recarga de este Contexto
28-Sep-2022 09:09:25.426 INFORMACIÓN [http-nio-8080-exec-17] org.apache.catalina.core.StandardContext.reload Ha comenzado la recarga de Contexto [/mavenproject1]
28-Sep-2022 09:09:25.456 INFORMACIÓN [http-nio-8080-exec-17] org.apache.catalina.core.StandardContext.reload Se ha completado la recarga de este Contexto
28-Sep-2022 09:09:25.800 INFORMACIÓN [http-nio-8080-exec-18] org.apache.catalina.core.StandardContext.reload Ha comenzado la recarga de Contexto [/mavenproject1]
28-Sep-2022 09:09:25.816 INFORMACIÓN [http-nio-8080-exec-18] org.apache.catalina.core.StandardContext.reload Se ha completado la recarga de este Contexto
28-Sep-2022 09:10:45.788 INFORMACIÓN [http-nio-8080-exec-14] org.apache.catalina.core.StandardContext.reload Ha comenzado la recarga de Contexto [/mavenproject1]
28-Sep-2022 09:10:45.824 INFORMACIÓN [http-nio-8080-exec-14] org.apache.catalina.core.StandardContext.reload Se ha completado la recarga de este Contexto
28-Sep-2022 09:10:46.151 INFORMACIÓN [http-nio-8080-exec-7] org.apache.catalina.core.StandardContext.reload Ha comenzado la recarga de Contexto [/mavenproject1]
28-Sep-2022 09:10:46.166 INFORMACIÓN [http-nio-8080-exec-7] org.apache.catalina.core.StandardContext.reload Se ha completado la recarga de este Contexto
28-Sep-2022 09:14:33.150 INFORMACIÓN [http-nio-8080-exec-27] org.apache.catalina.core.StandardContext.reload Ha comenzado la recarga de Contexto [/mavenproject1]
28-Sep-2022 09:14:33.189 INFORMACIÓN [http-nio-8080-exec-27] org.apache.catalina.core.StandardContext.reload Se ha completado la recarga de este Contexto
28-Sep-2022 09:15:27.050 INFORMACIÓN [http-nio-8080-exec-23] org.apache.catalina.core.StandardContext.reload Ha comenzado la recarga de Contexto [/mavenproject1]
28-Sep-2022 09:15:27.087 INFORMACIÓN [http-nio-8080-exec-23] org.apache.catalina.core.StandardContext.reload Se ha completado la recarga de este Contexto
28-Sep-2022 09:17:17.861 INFORMACIÓN [http-nio-8080-exec-26] org.apache.catalina.core.StandardContext.reload Ha comenzado la recarga de Contexto [/mavenproject1]
28-Sep-2022 09:17:17.894 INFORMACIÓN [http-nio-8080-exec-26] org.apache.catalina.core.StandardContext.reload Se ha completado la recarga de este Contexto
28-Sep-2022 09:18:09.800 INFORMACIÓN [http-nio-8080-exec-8] org.apache.catalina.core.StandardContext.reload Ha comenzado la recarga de Contexto [/mavenproject1]
28-Sep-2022 09:18:09.836 INFORMACIÓN [http-nio-8080-exec-8] org.apache.catalina.core.StandardContext.reload Se ha completado la recarga de este Contexto
28-Sep-2022 09:28:37.497 INFORMACIÓN [http-nio-8080-exec-33] org.apache.catalina.core.StandardContext.reload Ha comenzado la recarga de Contexto [/mavenproject1]
28-Sep-2022 09:28:37.533 INFORMACIÓN [http-nio-8080-exec-33] org.apache.catalina.core.StandardContext.reload Se ha completado la recarga de este Contexto
28-Sep-2022 09:28:37.984 INFORMACIÓN [http-nio-8080-exec-38] org.apache.catalina.core.StandardContext.reload Ha comenzado la recarga de Contexto [/mavenproject1]
28-Sep-2022 09:28:38.001 INFORMACIÓN [http-nio-8080-exec-38] org.apache.catalina.core.StandardContext.reload Se ha completado la recarga de este Contexto
28-Sep-2022 09:28:41.041 INFORMACIÓN [http-nio-8080-exec-40] org.apache.catalina.core.StandardContext.reload Ha comenzado la recarga de Contexto [/mavenproject1]
28-Sep-2022 09:28:41.058 INFORMACIÓN [http-nio-8080-exec-40] org.apache.catalina.core.StandardContext.reload Se ha completado la recarga de este Contexto
28-Sep-2022 09:28:41.484 INFORMACIÓN [http-nio-8080-exec-35] org.apache.catalina.core.StandardContext.reload Ha comenzado la recarga de Contexto [/mavenproject1]
28-Sep-2022 09:28:41.504 INFORMACIÓN [http-nio-8080-exec-35] org.apache.catalina.core.StandardContext.reload Se ha completado la recarga de este Contexto
28-Sep-2022 09:33:13.304 INFORMACIÓN [http-nio-8080-exec-48] org.apache.catalina.core.StandardContext.reload Ha comenzado la recarga de Contexto [/mavenproject1]
28-Sep-2022 09:33:13.343 INFORMACIÓN [http-nio-8080-exec-48] org.apache.catalina.core.StandardContext.reload Se ha completado la recarga de este Contexto
28-Sep-2022 09:33:22.673 INFORMACIÓN [http-nio-8080-exec-46] org.apache.catalina.core.StandardContext.reload Ha comenzado la recarga de Contexto [/mavenproject1]
28-Sep-2022 09:33:22.691 INFORMACIÓN [http-nio-8080-exec-46] org.apache.catalina.core.StandardContext.reload Se ha completado la recarga de este Contexto
28-Sep-2022 09:41:42.535 INFORMACIÓN [http-nio-8080-exec-53] org.apache.catalina.core.StandardContext.reload Ha comenzado la recarga de Contexto [/mavenproject1]
28-Sep-2022 09:41:42.576 INFORMACIÓN [http-nio-8080-exec-53] org.apache.catalina.core.StandardContext.reload Se ha completado la recarga de este Contexto
28-Sep-2022 09:41:43.555 INFORMACIÓN [http-nio-8080-exec-55] org.apache.catalina.core.StandardContext.reload Ha comenzado la recarga de Contexto [/mavenproject1]
28-Sep-2022 09:41:43.571 INFORMACIÓN [http-nio-8080-exec-55] org.apache.catalina.core.StandardContext.reload Se ha completado la recarga de este Contexto
28-Sep-2022 09:41:44.481 INFORMACIÓN [http-nio-8080-exec-50] org.apache.catalina.core.StandardContext.reload Ha comenzado la recarga de Contexto [/mavenproject1]
28-Sep-2022 09:41:44.500 INFORMACIÓN [http-nio-8080-exec-50] org.apache.catalina.core.StandardContext.reload Se ha completado la recarga de este Contexto
28-Sep-2022 09:43:30.387 INFORMACIÓN [http-nio-8080-exec-58] org.apache.catalina.core.StandardContext.reload Ha comenzado la recarga de Contexto [/mavenproject1]
28-Sep-2022 09:43:30.427 INFORMACIÓN [http-nio-8080-exec-58] org.apache.catalina.core.StandardContext.reload Se ha completado la recarga de este Contexto
28-Sep-2022 09:43:30.791 INFORMACIÓN [http-nio-8080-exec-52] org.apache.catalina.core.StandardContext.reload Ha comenzado la recarga de Contexto [/mavenproject1]
28-Sep-2022 09:43:30.813 INFORMACIÓN [http-nio-8080-exec-52] org.apache.catalina.core.StandardContext.reload Se ha completado la recarga de este Contexto
28-Sep-2022 09:45:40.396 INFORMACIÓN [http-nio-8080-exec-57] org.apache.catalina.core.StandardContext.reload Ha comenzado la recarga de Contexto [/mavenproject1]
28-Sep-2022 09:45:40.434 INFORMACIÓN [http-nio-8080-exec-57] org.apache.catalina.core.StandardContext.reload Se ha completado la recarga de este Contexto
28-Sep-2022 09:46:24.239 INFORMACIÓN [http-nio-8080-exec-52] org.apache.catalina.core.StandardContext.reload Ha comenzado la recarga de Contexto [/mavenproject1]
28-Sep-2022 09:46:24.275 INFORMACIÓN [http-nio-8080-exec-52] org.apache.catalina.core.StandardContext.reload Se ha completado la recarga de este Contexto
28-Sep-2022 09:48:26.539 INFORMACIÓN [http-nio-8080-exec-64] org.apache.catalina.core.StandardContext.reload Ha comenzado la recarga de Contexto [/mavenproject1]
28-Sep-2022 09:48:26.577 INFORMACIÓN [http-nio-8080-exec-64] org.apache.catalina.core.StandardContext.reload Se ha completado la recarga de este Contexto
28-Sep-2022 09:48:35.140 INFORMACIÓN [http-nio-8080-exec-67] org.apache.catalina.core.StandardContext.reload Ha comenzado la recarga de Contexto [/mavenproject1]
28-Sep-2022 09:48:35.160 INFORMACIÓN [http-nio-8080-exec-67] org.apache.catalina.core.StandardContext.reload Se ha completado la recarga de este Contexto
28-Sep-2022 09:51:09.271 INFORMACIÓN [http-nio-8080-exec-68] org.apache.catalina.core.StandardContext.reload Ha comenzado la recarga de Contexto [/mavenproject1]
28-Sep-2022 09:51:09.310 INFORMACIÓN [http-nio-8080-exec-68] org.apache.catalina.core.StandardContext.reload Se ha completado la recarga de este Contexto
28-Sep-2022 09:52:59.475 INFORMACIÓN [http-nio-8080-exec-69] org.apache.catalina.core.StandardContext.reload Ha comenzado la recarga de Contexto [/mavenproject1]
28-Sep-2022 09:52:59.511 INFORMACIÓN [http-nio-8080-exec-69] org.apache.catalina.core.StandardContext.reload Se ha completado la recarga de este Contexto
28-Sep-2022 09:58:26.367 INFORMACIÓN [http-nio-8080-exec-78] org.apache.catalina.core.StandardContext.reload Ha comenzado la recarga de Contexto [/mavenproject1]
28-Sep-2022 09:58:26.409 INFORMACIÓN [http-nio-8080-exec-78] org.apache.catalina.core.StandardContext.reload Se ha completado la recarga de este Contexto
28-Sep-2022 10:00:20.990 INFORMACIÓN [http-nio-8080-exec-75] org.apache.catalina.core.StandardContext.reload Ha comenzado la recarga de Contexto [/mavenproject1]
28-Sep-2022 10:00:21.028 INFORMACIÓN [http-nio-8080-exec-75] org.apache.catalina.core.StandardContext.reload Se ha completado la recarga de este Contexto
28-Sep-2022 10:00:29.457 INFORMACIÓN [http-nio-8080-exec-78] org.apache.catalina.core.StandardContext.reload Ha comenzado la recarga de Contexto [/mavenproject1]
28-Sep-2022 10:00:29.474 INFORMACIÓN [http-nio-8080-exec-78] org.apache.catalina.core.StandardContext.reload Se ha completado la recarga de este Contexto
28-Sep-2022 10:00:32.040 INFORMACIÓN [http-nio-8080-exec-71] org.apache.catalina.core.StandardContext.reload Ha comenzado la recarga de Contexto [/mavenproject1]
28-Sep-2022 10:00:32.058 INFORMACIÓN [http-nio-8080-exec-71] org.apache.catalina.core.StandardContext.reload Se ha completado la recarga de este Contexto
28-Sep-2022 10:00:54.442 INFORMACIÓN [http-nio-8080-exec-76] org.apache.catalina.core.StandardContext.reload Ha comenzado la recarga de Contexto [/mavenproject1]
28-Sep-2022 10:00:54.480 INFORMACIÓN [http-nio-8080-exec-76] org.apache.catalina.core.StandardContext.reload Se ha completado la recarga de este Contexto
28-Sep-2022 10:01:03.538 INFORMACIÓN [http-nio-8080-exec-81] org.apache.catalina.core.StandardContext.reload Ha comenzado la recarga de Contexto [/mavenproject1]
28-Sep-2022 10:01:03.557 INFORMACIÓN [http-nio-8080-exec-81] org.apache.catalina.core.StandardContext.reload Se ha completado la recarga de este Contexto
