13-Oct-2022 17:34:03.243 INFORMACIÓN [main] org.apache.catalina.startup.VersionLoggerListener.log Nombre de la versión del servidor: Apache Tomcat/10.0.26
13-Oct-2022 17:34:03.246 INFORMACIÓN [main] org.apache.catalina.startup.VersionLoggerListener.log Server built:                      Sep 23 2022 10:25:44 UTC
13-Oct-2022 17:34:03.246 INFORMACIÓN [main] org.apache.catalina.startup.VersionLoggerListener.log Número de versión de servidor:     10.0.26.0
13-Oct-2022 17:34:03.246 INFORMACIÓN [main] org.apache.catalina.startup.VersionLoggerListener.log OS Name:                           Windows 10
13-Oct-2022 17:34:03.246 INFORMACIÓN [main] org.apache.catalina.startup.VersionLoggerListener.log Versión de Systema Operativo:      10.0
13-Oct-2022 17:34:03.246 INFORMACIÓN [main] org.apache.catalina.startup.VersionLoggerListener.log Arquitectura:                      amd64
13-Oct-2022 17:34:03.246 INFORMACIÓN [main] org.apache.catalina.startup.VersionLoggerListener.log Java Home:                         C:\Program Files\Java\jdk1.8.0_261\jre
13-Oct-2022 17:34:03.246 INFORMACIÓN [main] org.apache.catalina.startup.VersionLoggerListener.log JVM Version:                       1.8.0_261-b12
13-Oct-2022 17:34:03.246 INFORMACIÓN [main] org.apache.catalina.startup.VersionLoggerListener.log Vededor JVM:                       Oracle Corporation
13-Oct-2022 17:34:03.246 INFORMACIÓN [main] org.apache.catalina.startup.VersionLoggerListener.log CATALINA_BASE:                     D:\ISIL\IVCICLO\DESARROLLO_DE_APLICACIONES_EMPRESARIALES\apache-tomcat-10.0.26
13-Oct-2022 17:34:03.246 INFORMACIÓN [main] org.apache.catalina.startup.VersionLoggerListener.log CATALINA_HOME:                     D:\ISIL\IVCICLO\DESARROLLO_DE_APLICACIONES_EMPRESARIALES\apache-tomcat-10.0.26
13-Oct-2022 17:34:03.249 INFORMACIÓN [main] org.apache.catalina.startup.VersionLoggerListener.log Command line argument:             -Djava.util.logging.config.file=D:\ISIL\IVCICLO\DESARROLLO_DE_APLICACIONES_EMPRESARIALES\apache-tomcat-10.0.26\conf\logging.properties
13-Oct-2022 17:34:03.249 INFORMACIÓN [main] org.apache.catalina.startup.VersionLoggerListener.log Command line argument:             -Djava.util.logging.manager=org.apache.juli.ClassLoaderLogManager
13-Oct-2022 17:34:03.249 INFORMACIÓN [main] org.apache.catalina.startup.VersionLoggerListener.log Command line argument:             -Dhttp.nonProxyHosts=localhost|127.0.0.1|S173-222
13-Oct-2022 17:34:03.249 INFORMACIÓN [main] org.apache.catalina.startup.VersionLoggerListener.log Command line argument:             -Djdk.tls.ephemeralDHKeySize=2048
13-Oct-2022 17:34:03.249 INFORMACIÓN [main] org.apache.catalina.startup.VersionLoggerListener.log Command line argument:             -Djava.protocol.handler.pkgs=org.apache.catalina.webresources
13-Oct-2022 17:34:03.249 INFORMACIÓN [main] org.apache.catalina.startup.VersionLoggerListener.log Command line argument:             -Dignore.endorsed.dirs=
13-Oct-2022 17:34:03.250 INFORMACIÓN [main] org.apache.catalina.startup.VersionLoggerListener.log Command line argument:             -Dcatalina.base=D:\ISIL\IVCICLO\DESARROLLO_DE_APLICACIONES_EMPRESARIALES\apache-tomcat-10.0.26
13-Oct-2022 17:34:03.250 INFORMACIÓN [main] org.apache.catalina.startup.VersionLoggerListener.log Command line argument:             -Dcatalina.home=D:\ISIL\IVCICLO\DESARROLLO_DE_APLICACIONES_EMPRESARIALES\apache-tomcat-10.0.26
13-Oct-2022 17:34:03.250 INFORMACIÓN [main] org.apache.catalina.startup.VersionLoggerListener.log Command line argument:             -Djava.io.tmpdir=D:\ISIL\IVCICLO\DESARROLLO_DE_APLICACIONES_EMPRESARIALES\apache-tomcat-10.0.26\temp
13-Oct-2022 17:34:03.291 INFORMACIÓN [main] org.apache.catalina.core.AprLifecycleListener.lifecycleEvent Cargada la biblioteca nativa APR de Apache Tomcat [1.2.35] con la versión APR [1.7.0].
13-Oct-2022 17:34:03.291 INFORMACIÓN [main] org.apache.catalina.core.AprLifecycleListener.lifecycleEvent Capacidades APR: IPv6 [true], enviar fichero [true], aceptar filtros [false], aleatorio [true], UDS [true].
13-Oct-2022 17:34:03.314 INFORMACIÓN [main] org.apache.catalina.core.AprLifecycleListener.initializeSSL OpenSSL inicializado correctamente [OpenSSL 1.1.1q  5 Jul 2022]
13-Oct-2022 17:34:03.611 INFORMACIÓN [main] org.apache.coyote.AbstractProtocol.init Inicializando el manejador de protocolo ["http-nio-8080"]

13-Oct-2022 17:34:03.629 INFORMACIÓN [main] org.apache.catalina.startup.Catalina.load Server initialization in [575] milliseconds
13-Oct-2022 17:34:03.656 INFORMACIÓN [main] org.apache.catalina.core.StandardService.startInternal Arrancando servicio [Catalina]
13-Oct-2022 17:34:03.656 INFORMACIÓN [main] org.apache.catalina.core.StandardEngine.startInternal Starting Servlet engine: [Apache Tomcat/10.0.26]
13-Oct-2022 17:34:03.665 INFORMACIÓN [main] org.apache.catalina.startup.HostConfig.deployDescriptor Desplieque del descriptor de configuración [D:\ISIL\IVCICLO\DESARROLLO_DE_APLICACIONES_EMPRESARIALES\apache-tomcat-10.0.26\conf\Catalina\localhost\mavenproject1.xml]
13-Oct-2022 17:34:03.683 ADVERTENCIA [main] org.apache.catalina.startup.HostConfig.deployDescriptor The path attribute with value [/mavenproject1] in deployment descriptor [D:\ISIL\IVCICLO\DESARROLLO_DE_APLICACIONES_EMPRESARIALES\apache-tomcat-10.0.26\conf\Catalina\localhost\mavenproject1.xml] has been ignored
13-Oct-2022 17:34:04.000 ADVERTENCIA [main] org.apache.catalina.util.SessionIdGeneratorBase.createSecureRandom Creation of SecureRandom instance for session ID generation using [SHA1PRNG] took [111] milliseconds.
13-Oct-2022 17:34:04.024 INFORMACIÓN [main] org.apache.catalina.startup.HostConfig.deployDescriptor Deployment of deployment descriptor [D:\ISIL\IVCICLO\DESARROLLO_DE_APLICACIONES_EMPRESARIALES\apache-tomcat-10.0.26\conf\Catalina\localhost\mavenproject1.xml] has finished in [358] ms
13-Oct-2022 17:34:04.025 INFORMACIÓN [main] org.apache.catalina.startup.HostConfig.deployDirectory Desplegando el directorio [D:\ISIL\IVCICLO\DESARROLLO_DE_APLICACIONES_EMPRESARIALES\apache-tomcat-10.0.26\webapps\docs] de la aplicación web
13-Oct-2022 17:34:04.054 INFORMACIÓN [main] org.apache.catalina.startup.HostConfig.deployDirectory Deployment of web application directory [D:\ISIL\IVCICLO\DESARROLLO_DE_APLICACIONES_EMPRESARIALES\apache-tomcat-10.0.26\webapps\docs] has finished in [29] ms
13-Oct-2022 17:34:04.054 INFORMACIÓN [main] org.apache.catalina.startup.HostConfig.deployDirectory Desplegando el directorio [D:\ISIL\IVCICLO\DESARROLLO_DE_APLICACIONES_EMPRESARIALES\apache-tomcat-10.0.26\webapps\examples] de la aplicación web
13-Oct-2022 17:34:04.489 INFORMACIÓN [main] org.apache.catalina.startup.HostConfig.deployDirectory Deployment of web application directory [D:\ISIL\IVCICLO\DESARROLLO_DE_APLICACIONES_EMPRESARIALES\apache-tomcat-10.0.26\webapps\examples] has finished in [434] ms
13-Oct-2022 17:34:04.489 INFORMACIÓN [main] org.apache.catalina.startup.HostConfig.deployDirectory Desplegando el directorio [D:\ISIL\IVCICLO\DESARROLLO_DE_APLICACIONES_EMPRESARIALES\apache-tomcat-10.0.26\webapps\host-manager] de la aplicación web
13-Oct-2022 17:34:04.517 INFORMACIÓN [main] org.apache.catalina.startup.HostConfig.deployDirectory Deployment of web application directory [D:\ISIL\IVCICLO\DESARROLLO_DE_APLICACIONES_EMPRESARIALES\apache-tomcat-10.0.26\webapps\host-manager] has finished in [28] ms
13-Oct-2022 17:34:04.517 INFORMACIÓN [main] org.apache.catalina.startup.HostConfig.deployDirectory Desplegando el directorio [D:\ISIL\IVCICLO\DESARROLLO_DE_APLICACIONES_EMPRESARIALES\apache-tomcat-10.0.26\webapps\manager] de la aplicación web
13-Oct-2022 17:34:04.543 INFORMACIÓN [main] org.apache.catalina.startup.HostConfig.deployDirectory Deployment of web application directory [D:\ISIL\IVCICLO\DESARROLLO_DE_APLICACIONES_EMPRESARIALES\apache-tomcat-10.0.26\webapps\manager] has finished in [26] ms
13-Oct-2022 17:34:04.543 INFORMACIÓN [main] org.apache.catalina.startup.HostConfig.deployDirectory Desplegando el directorio [D:\ISIL\IVCICLO\DESARROLLO_DE_APLICACIONES_EMPRESARIALES\apache-tomcat-10.0.26\webapps\ROOT] de la aplicación web
13-Oct-2022 17:34:04.560 INFORMACIÓN [main] org.apache.catalina.startup.HostConfig.deployDirectory Deployment of web application directory [D:\ISIL\IVCICLO\DESARROLLO_DE_APLICACIONES_EMPRESARIALES\apache-tomcat-10.0.26\webapps\ROOT] has finished in [16] ms
13-Oct-2022 17:34:04.562 INFORMACIÓN [main] org.apache.coyote.AbstractProtocol.start Starting ProtocolHandler ["http-nio-8080"]
13-Oct-2022 17:34:04.577 INFORMACIÓN [main] org.apache.catalina.startup.Catalina.start Server startup in [946] milliseconds
13-Oct-2022 17:34:12.854 INFORMACIÓN [http-nio-8080-exec-9] org.apache.catalina.startup.HostConfig.deployDescriptor Desplieque del descriptor de configuración [D:\ISIL\IVCICLO\DESARROLLO_DE_APLICACIONES_EMPRESARIALES\apache-tomcat-10.0.26\conf\Catalina\localhost\mi_proyecto.xml]
13-Oct-2022 17:34:12.856 ADVERTENCIA [http-nio-8080-exec-9] org.apache.catalina.startup.HostConfig.deployDescriptor The path attribute with value [/mi_proyecto] in deployment descriptor [D:\ISIL\IVCICLO\DESARROLLO_DE_APLICACIONES_EMPRESARIALES\apache-tomcat-10.0.26\conf\Catalina\localhost\mi_proyecto.xml] has been ignored
13-Oct-2022 17:34:13.309 INFORMACIÓN [http-nio-8080-exec-9] org.apache.jasper.servlet.TldScanner.scanJars Al menos un JAR, que se ha explorado buscando TLDs, aún no contenía TLDs. Activar historial de depuración para este historiador para una completa lista de los JARs que fueron explorados y de los que nos se halló TLDs. Saltarse JARs no necesarios durante la exploración puede dar lugar a una mejora de tiempo significativa en el arranque y compilación de JSP .
13-Oct-2022 17:34:13.311 INFORMACIÓN [http-nio-8080-exec-9] org.apache.catalina.startup.HostConfig.deployDescriptor Deployment of deployment descriptor [D:\ISIL\IVCICLO\DESARROLLO_DE_APLICACIONES_EMPRESARIALES\apache-tomcat-10.0.26\conf\Catalina\localhost\mi_proyecto.xml] has finished in [457] ms
13-Oct-2022 17:34:13.315 INFORMACIÓN [http-nio-8080-exec-10] org.apache.catalina.util.LifecycleBase.start The start() method was called on component [StandardEngine[Catalina].StandardHost[localhost].StandardContext[/mi_proyecto]] after start() had already been called. The second call will be ignored.
13-Oct-2022 17:34:36.030 INFORMACIÓN [http-nio-8080-exec-8] org.apache.catalina.startup.HostConfig.undeploy Repliegue (undeploy) de la aplicación web que tiene como trayectoria de contexto [/mi_proyecto]
13-Oct-2022 17:34:36.083 INFORMACIÓN [http-nio-8080-exec-9] org.apache.catalina.startup.HostConfig.deployDescriptor Desplieque del descriptor de configuración [D:\ISIL\IVCICLO\DESARROLLO_DE_APLICACIONES_EMPRESARIALES\apache-tomcat-10.0.26\conf\Catalina\localhost\mi_proyecto.xml]
13-Oct-2022 17:34:36.085 ADVERTENCIA [http-nio-8080-exec-9] org.apache.catalina.startup.HostConfig.deployDescriptor The path attribute with value [/mi_proyecto] in deployment descriptor [D:\ISIL\IVCICLO\DESARROLLO_DE_APLICACIONES_EMPRESARIALES\apache-tomcat-10.0.26\conf\Catalina\localhost\mi_proyecto.xml] has been ignored
13-Oct-2022 17:34:36.512 INFORMACIÓN [http-nio-8080-exec-9] org.apache.jasper.servlet.TldScanner.scanJars Al menos un JAR, que se ha explorado buscando TLDs, aún no contenía TLDs. Activar historial de depuración para este historiador para una completa lista de los JARs que fueron explorados y de los que nos se halló TLDs. Saltarse JARs no necesarios durante la exploración puede dar lugar a una mejora de tiempo significativa en el arranque y compilación de JSP .
13-Oct-2022 17:34:36.518 INFORMACIÓN [http-nio-8080-exec-9] org.apache.catalina.startup.HostConfig.deployDescriptor Deployment of deployment descriptor [D:\ISIL\IVCICLO\DESARROLLO_DE_APLICACIONES_EMPRESARIALES\apache-tomcat-10.0.26\conf\Catalina\localhost\mi_proyecto.xml] has finished in [434] ms
13-Oct-2022 17:34:36.522 INFORMACIÓN [http-nio-8080-exec-5] org.apache.catalina.util.LifecycleBase.start The start() method was called on component [StandardEngine[Catalina].StandardHost[localhost].StandardContext[/mi_proyecto]] after start() had already been called. The second call will be ignored.
13-Oct-2022 17:34:59.045 INFORMACIÓN [http-nio-8080-exec-11] org.apache.catalina.startup.HostConfig.undeploy Repliegue (undeploy) de la aplicación web que tiene como trayectoria de contexto [/mi_proyecto]
13-Oct-2022 17:34:59.076 INFORMACIÓN [http-nio-8080-exec-13] org.apache.catalina.startup.HostConfig.deployDescriptor Desplieque del descriptor de configuración [D:\ISIL\IVCICLO\DESARROLLO_DE_APLICACIONES_EMPRESARIALES\apache-tomcat-10.0.26\conf\Catalina\localhost\mi_proyecto.xml]
13-Oct-2022 17:34:59.079 ADVERTENCIA [http-nio-8080-exec-13] org.apache.catalina.startup.HostConfig.deployDescriptor The path attribute with value [/mi_proyecto] in deployment descriptor [D:\ISIL\IVCICLO\DESARROLLO_DE_APLICACIONES_EMPRESARIALES\apache-tomcat-10.0.26\conf\Catalina\localhost\mi_proyecto.xml] has been ignored
13-Oct-2022 17:34:59.504 INFORMACIÓN [http-nio-8080-exec-13] org.apache.jasper.servlet.TldScanner.scanJars Al menos un JAR, que se ha explorado buscando TLDs, aún no contenía TLDs. Activar historial de depuración para este historiador para una completa lista de los JARs que fueron explorados y de los que nos se halló TLDs. Saltarse JARs no necesarios durante la exploración puede dar lugar a una mejora de tiempo significativa en el arranque y compilación de JSP .
13-Oct-2022 17:34:59.507 INFORMACIÓN [http-nio-8080-exec-13] org.apache.catalina.startup.HostConfig.deployDescriptor Deployment of deployment descriptor [D:\ISIL\IVCICLO\DESARROLLO_DE_APLICACIONES_EMPRESARIALES\apache-tomcat-10.0.26\conf\Catalina\localhost\mi_proyecto.xml] has finished in [431] ms
13-Oct-2022 17:34:59.511 INFORMACIÓN [http-nio-8080-exec-3] org.apache.catalina.util.LifecycleBase.start The start() method was called on component [StandardEngine[Catalina].StandardHost[localhost].StandardContext[/mi_proyecto]] after start() had already been called. The second call will be ignored.
13-Oct-2022 17:35:17.116 INFORMACIÓN [http-nio-8080-exec-14] org.apache.catalina.startup.HostConfig.undeploy Repliegue (undeploy) de la aplicación web que tiene como trayectoria de contexto [/mi_proyecto]
13-Oct-2022 17:35:17.147 INFORMACIÓN [http-nio-8080-exec-13] org.apache.catalina.startup.HostConfig.deployDescriptor Desplieque del descriptor de configuración [D:\ISIL\IVCICLO\DESARROLLO_DE_APLICACIONES_EMPRESARIALES\apache-tomcat-10.0.26\conf\Catalina\localhost\mi_proyecto.xml]
13-Oct-2022 17:35:17.149 ADVERTENCIA [http-nio-8080-exec-13] org.apache.catalina.startup.HostConfig.deployDescriptor The path attribute with value [/mi_proyecto] in deployment descriptor [D:\ISIL\IVCICLO\DESARROLLO_DE_APLICACIONES_EMPRESARIALES\apache-tomcat-10.0.26\conf\Catalina\localhost\mi_proyecto.xml] has been ignored
13-Oct-2022 17:35:17.551 INFORMACIÓN [http-nio-8080-exec-13] org.apache.jasper.servlet.TldScanner.scanJars Al menos un JAR, que se ha explorado buscando TLDs, aún no contenía TLDs. Activar historial de depuración para este historiador para una completa lista de los JARs que fueron explorados y de los que nos se halló TLDs. Saltarse JARs no necesarios durante la exploración puede dar lugar a una mejora de tiempo significativa en el arranque y compilación de JSP .
13-Oct-2022 17:35:17.553 INFORMACIÓN [http-nio-8080-exec-13] org.apache.catalina.startup.HostConfig.deployDescriptor Deployment of deployment descriptor [D:\ISIL\IVCICLO\DESARROLLO_DE_APLICACIONES_EMPRESARIALES\apache-tomcat-10.0.26\conf\Catalina\localhost\mi_proyecto.xml] has finished in [406] ms
13-Oct-2022 17:35:17.558 INFORMACIÓN [http-nio-8080-exec-3] org.apache.catalina.util.LifecycleBase.start The start() method was called on component [StandardEngine[Catalina].StandardHost[localhost].StandardContext[/mi_proyecto]] after start() had already been called. The second call will be ignored.
13-Oct-2022 17:39:58.949 INFORMACIÓN [main] org.apache.catalina.core.StandardServer.await Se ha recibido un comando de apagado a través del puerto de apagado. Parando la instancia del Servidor.
13-Oct-2022 17:39:58.950 INFORMACIÓN [main] org.apache.coyote.AbstractProtocol.pause Pausing ProtocolHandler ["http-nio-8080"]
13-Oct-2022 17:39:59.065 INFORMACIÓN [main] org.apache.catalina.core.StandardService.stopInternal Parando servicio [Catalina]
13-Oct-2022 17:39:59.082 ADVERTENCIA [main] org.apache.catalina.loader.WebappClassLoaderBase.clearReferencesJdbc La aplicación web [mi_proyecto] registró el conductor JDBC [com.mysql.cj.jdbc.Driver] pero falló al anular el registro mientras la aplicación web estaba parada. Para prevenir un fallo de memoria, se ha anulado el registro del conductor JDBC por la fuerza.
13-Oct-2022 17:39:59.083 ADVERTENCIA [main] org.apache.catalina.loader.WebappClassLoaderBase.clearReferencesThreads The web application [mi_proyecto] appears to have started a thread named [mysql-cj-abandoned-connection-cleanup] but has failed to stop it. This is very likely to create a memory leak. Stack trace of thread:
 java.lang.Object.wait(Native Method)
 java.lang.ref.ReferenceQueue.remove(ReferenceQueue.java:144)
 com.mysql.cj.jdbc.AbandonedConnectionCleanupThread.run(AbandonedConnectionCleanupThread.java:91)
 java.util.concurrent.ThreadPoolExecutor.runWorker(ThreadPoolExecutor.java:1149)
 java.util.concurrent.ThreadPoolExecutor$Worker.run(ThreadPoolExecutor.java:624)
 java.lang.Thread.run(Thread.java:748)
13-Oct-2022 17:39:59.086 INFORMACIÓN [main] org.apache.coyote.AbstractProtocol.stop Stopping ProtocolHandler ["http-nio-8080"]
13-Oct-2022 17:39:59.096 INFORMACIÓN [main] org.apache.coyote.AbstractProtocol.destroy Destroying ProtocolHandler ["http-nio-8080"]
13-Oct-2022 17:51:37.511 INFORMACIÓN [main] org.apache.catalina.startup.VersionLoggerListener.log Nombre de la versión del servidor: Apache Tomcat/10.0.26
13-Oct-2022 17:51:37.513 INFORMACIÓN [main] org.apache.catalina.startup.VersionLoggerListener.log Server built:                      Sep 23 2022 10:25:44 UTC
13-Oct-2022 17:51:37.513 INFORMACIÓN [main] org.apache.catalina.startup.VersionLoggerListener.log Número de versión de servidor:     10.0.26.0
13-Oct-2022 17:51:37.513 INFORMACIÓN [main] org.apache.catalina.startup.VersionLoggerListener.log OS Name:                           Windows 10
13-Oct-2022 17:51:37.513 INFORMACIÓN [main] org.apache.catalina.startup.VersionLoggerListener.log Versión de Systema Operativo:      10.0
13-Oct-2022 17:51:37.513 INFORMACIÓN [main] org.apache.catalina.startup.VersionLoggerListener.log Arquitectura:                      amd64
13-Oct-2022 17:51:37.513 INFORMACIÓN [main] org.apache.catalina.startup.VersionLoggerListener.log Java Home:                         C:\Program Files\Java\jdk1.8.0_261\jre
13-Oct-2022 17:51:37.513 INFORMACIÓN [main] org.apache.catalina.startup.VersionLoggerListener.log JVM Version:                       1.8.0_261-b12
13-Oct-2022 17:51:37.513 INFORMACIÓN [main] org.apache.catalina.startup.VersionLoggerListener.log Vededor JVM:                       Oracle Corporation
13-Oct-2022 17:51:37.513 INFORMACIÓN [main] org.apache.catalina.startup.VersionLoggerListener.log CATALINA_BASE:                     D:\ISIL\IVCICLO\DESARROLLO_DE_APLICACIONES_EMPRESARIALES\apache-tomcat-10.0.26
13-Oct-2022 17:51:37.513 INFORMACIÓN [main] org.apache.catalina.startup.VersionLoggerListener.log CATALINA_HOME:                     D:\ISIL\IVCICLO\DESARROLLO_DE_APLICACIONES_EMPRESARIALES\apache-tomcat-10.0.26
13-Oct-2022 17:51:37.515 INFORMACIÓN [main] org.apache.catalina.startup.VersionLoggerListener.log Command line argument:             -Djava.util.logging.config.file=D:\ISIL\IVCICLO\DESARROLLO_DE_APLICACIONES_EMPRESARIALES\apache-tomcat-10.0.26\conf\logging.properties
13-Oct-2022 17:51:37.515 INFORMACIÓN [main] org.apache.catalina.startup.VersionLoggerListener.log Command line argument:             -Djava.util.logging.manager=org.apache.juli.ClassLoaderLogManager
13-Oct-2022 17:51:37.515 INFORMACIÓN [main] org.apache.catalina.startup.VersionLoggerListener.log Command line argument:             -Dhttp.nonProxyHosts=localhost|127.0.0.1|S173-222
13-Oct-2022 17:51:37.515 INFORMACIÓN [main] org.apache.catalina.startup.VersionLoggerListener.log Command line argument:             -Djdk.tls.ephemeralDHKeySize=2048
13-Oct-2022 17:51:37.515 INFORMACIÓN [main] org.apache.catalina.startup.VersionLoggerListener.log Command line argument:             -Djava.protocol.handler.pkgs=org.apache.catalina.webresources
13-Oct-2022 17:51:37.515 INFORMACIÓN [main] org.apache.catalina.startup.VersionLoggerListener.log Command line argument:             -Dignore.endorsed.dirs=
13-Oct-2022 17:51:37.515 INFORMACIÓN [main] org.apache.catalina.startup.VersionLoggerListener.log Command line argument:             -Dcatalina.base=D:\ISIL\IVCICLO\DESARROLLO_DE_APLICACIONES_EMPRESARIALES\apache-tomcat-10.0.26
13-Oct-2022 17:51:37.515 INFORMACIÓN [main] org.apache.catalina.startup.VersionLoggerListener.log Command line argument:             -Dcatalina.home=D:\ISIL\IVCICLO\DESARROLLO_DE_APLICACIONES_EMPRESARIALES\apache-tomcat-10.0.26
13-Oct-2022 17:51:37.515 INFORMACIÓN [main] org.apache.catalina.startup.VersionLoggerListener.log Command line argument:             -Djava.io.tmpdir=D:\ISIL\IVCICLO\DESARROLLO_DE_APLICACIONES_EMPRESARIALES\apache-tomcat-10.0.26\temp
13-Oct-2022 17:51:37.518 INFORMACIÓN [main] org.apache.catalina.core.AprLifecycleListener.lifecycleEvent Cargada la biblioteca nativa APR de Apache Tomcat [1.2.35] con la versión APR [1.7.0].
13-Oct-2022 17:51:37.518 INFORMACIÓN [main] org.apache.catalina.core.AprLifecycleListener.lifecycleEvent Capacidades APR: IPv6 [true], enviar fichero [true], aceptar filtros [false], aleatorio [true], UDS [true].
13-Oct-2022 17:51:37.522 INFORMACIÓN [main] org.apache.catalina.core.AprLifecycleListener.initializeSSL OpenSSL inicializado correctamente [OpenSSL 1.1.1q  5 Jul 2022]
13-Oct-2022 17:51:37.860 INFORMACIÓN [main] org.apache.coyote.AbstractProtocol.init Inicializando el manejador de protocolo ["http-nio-8081"]

13-Oct-2022 17:51:37.877 INFORMACIÓN [main] org.apache.catalina.startup.Catalina.load Server initialization in [522] milliseconds
13-Oct-2022 17:51:37.900 INFORMACIÓN [main] org.apache.catalina.core.StandardService.startInternal Arrancando servicio [Catalina]
13-Oct-2022 17:51:37.900 INFORMACIÓN [main] org.apache.catalina.core.StandardEngine.startInternal Starting Servlet engine: [Apache Tomcat/10.0.26]
13-Oct-2022 17:51:37.907 INFORMACIÓN [main] org.apache.catalina.startup.HostConfig.deployDescriptor Desplieque del descriptor de configuración [D:\ISIL\IVCICLO\DESARROLLO_DE_APLICACIONES_EMPRESARIALES\apache-tomcat-10.0.26\conf\Catalina\localhost\mavenproject1.xml]
13-Oct-2022 17:51:37.923 ADVERTENCIA [main] org.apache.catalina.startup.HostConfig.deployDescriptor The path attribute with value [/mavenproject1] in deployment descriptor [D:\ISIL\IVCICLO\DESARROLLO_DE_APLICACIONES_EMPRESARIALES\apache-tomcat-10.0.26\conf\Catalina\localhost\mavenproject1.xml] has been ignored
13-Oct-2022 17:51:38.226 ADVERTENCIA [main] org.apache.catalina.util.SessionIdGeneratorBase.createSecureRandom Creation of SecureRandom instance for session ID generation using [SHA1PRNG] took [122] milliseconds.
13-Oct-2022 17:51:38.240 INFORMACIÓN [main] org.apache.catalina.startup.HostConfig.deployDescriptor Deployment of deployment descriptor [D:\ISIL\IVCICLO\DESARROLLO_DE_APLICACIONES_EMPRESARIALES\apache-tomcat-10.0.26\conf\Catalina\localhost\mavenproject1.xml] has finished in [333] ms
13-Oct-2022 17:51:38.241 INFORMACIÓN [main] org.apache.catalina.startup.HostConfig.deployDescriptor Desplieque del descriptor de configuración [D:\ISIL\IVCICLO\DESARROLLO_DE_APLICACIONES_EMPRESARIALES\apache-tomcat-10.0.26\conf\Catalina\localhost\mi_proyecto.xml]
13-Oct-2022 17:51:38.241 ADVERTENCIA [main] org.apache.catalina.startup.HostConfig.deployDescriptor The path attribute with value [/mi_proyecto] in deployment descriptor [D:\ISIL\IVCICLO\DESARROLLO_DE_APLICACIONES_EMPRESARIALES\apache-tomcat-10.0.26\conf\Catalina\localhost\mi_proyecto.xml] has been ignored
13-Oct-2022 17:51:38.685 INFORMACIÓN [main] org.apache.jasper.servlet.TldScanner.scanJars Al menos un JAR, que se ha explorado buscando TLDs, aún no contenía TLDs. Activar historial de depuración para este historiador para una completa lista de los JARs que fueron explorados y de los que nos se halló TLDs. Saltarse JARs no necesarios durante la exploración puede dar lugar a una mejora de tiempo significativa en el arranque y compilación de JSP .
13-Oct-2022 17:51:38.687 INFORMACIÓN [main] org.apache.catalina.startup.HostConfig.deployDescriptor Deployment of deployment descriptor [D:\ISIL\IVCICLO\DESARROLLO_DE_APLICACIONES_EMPRESARIALES\apache-tomcat-10.0.26\conf\Catalina\localhost\mi_proyecto.xml] has finished in [446] ms
13-Oct-2022 17:51:38.688 INFORMACIÓN [main] org.apache.catalina.startup.HostConfig.deployDirectory Desplegando el directorio [D:\ISIL\IVCICLO\DESARROLLO_DE_APLICACIONES_EMPRESARIALES\apache-tomcat-10.0.26\webapps\docs] de la aplicación web
13-Oct-2022 17:51:38.704 INFORMACIÓN [main] org.apache.catalina.startup.HostConfig.deployDirectory Deployment of web application directory [D:\ISIL\IVCICLO\DESARROLLO_DE_APLICACIONES_EMPRESARIALES\apache-tomcat-10.0.26\webapps\docs] has finished in [16] ms
13-Oct-2022 17:51:38.704 INFORMACIÓN [main] org.apache.catalina.startup.HostConfig.deployDirectory Desplegando el directorio [D:\ISIL\IVCICLO\DESARROLLO_DE_APLICACIONES_EMPRESARIALES\apache-tomcat-10.0.26\webapps\examples] de la aplicación web
13-Oct-2022 17:51:38.920 INFORMACIÓN [main] org.apache.catalina.startup.HostConfig.deployDirectory Deployment of web application directory [D:\ISIL\IVCICLO\DESARROLLO_DE_APLICACIONES_EMPRESARIALES\apache-tomcat-10.0.26\webapps\examples] has finished in [216] ms
13-Oct-2022 17:51:38.920 INFORMACIÓN [main] org.apache.catalina.startup.HostConfig.deployDirectory Desplegando el directorio [D:\ISIL\IVCICLO\DESARROLLO_DE_APLICACIONES_EMPRESARIALES\apache-tomcat-10.0.26\webapps\host-manager] de la aplicación web
13-Oct-2022 17:51:38.942 INFORMACIÓN [main] org.apache.catalina.startup.HostConfig.deployDirectory Deployment of web application directory [D:\ISIL\IVCICLO\DESARROLLO_DE_APLICACIONES_EMPRESARIALES\apache-tomcat-10.0.26\webapps\host-manager] has finished in [22] ms
13-Oct-2022 17:51:38.943 INFORMACIÓN [main] org.apache.catalina.startup.HostConfig.deployDirectory Desplegando el directorio [D:\ISIL\IVCICLO\DESARROLLO_DE_APLICACIONES_EMPRESARIALES\apache-tomcat-10.0.26\webapps\manager] de la aplicación web
13-Oct-2022 17:51:38.964 INFORMACIÓN [main] org.apache.catalina.startup.HostConfig.deployDirectory Deployment of web application directory [D:\ISIL\IVCICLO\DESARROLLO_DE_APLICACIONES_EMPRESARIALES\apache-tomcat-10.0.26\webapps\manager] has finished in [20] ms
13-Oct-2022 17:51:38.964 INFORMACIÓN [main] org.apache.catalina.startup.HostConfig.deployDirectory Desplegando el directorio [D:\ISIL\IVCICLO\DESARROLLO_DE_APLICACIONES_EMPRESARIALES\apache-tomcat-10.0.26\webapps\ROOT] de la aplicación web
13-Oct-2022 17:51:38.978 INFORMACIÓN [main] org.apache.catalina.startup.HostConfig.deployDirectory Deployment of web application directory [D:\ISIL\IVCICLO\DESARROLLO_DE_APLICACIONES_EMPRESARIALES\apache-tomcat-10.0.26\webapps\ROOT] has finished in [14] ms
13-Oct-2022 17:51:38.980 INFORMACIÓN [main] org.apache.coyote.AbstractProtocol.start Starting ProtocolHandler ["http-nio-8081"]
13-Oct-2022 17:51:38.994 INFORMACIÓN [main] org.apache.catalina.startup.Catalina.start Server startup in [1117] milliseconds
13-Oct-2022 17:53:05.757 INFORMACIÓN [main] org.apache.catalina.core.StandardServer.await Se ha recibido un comando de apagado a través del puerto de apagado. Parando la instancia del Servidor.
13-Oct-2022 17:53:05.758 INFORMACIÓN [main] org.apache.coyote.AbstractProtocol.pause Pausing ProtocolHandler ["http-nio-8081"]
13-Oct-2022 17:53:05.859 INFORMACIÓN [main] org.apache.catalina.core.StandardService.stopInternal Parando servicio [Catalina]
13-Oct-2022 17:53:05.895 INFORMACIÓN [main] org.apache.coyote.AbstractProtocol.stop Stopping ProtocolHandler ["http-nio-8081"]
13-Oct-2022 17:53:05.908 INFORMACIÓN [main] org.apache.coyote.AbstractProtocol.destroy Destroying ProtocolHandler ["http-nio-8081"]
13-Oct-2022 17:53:09.021 INFORMACIÓN [main] org.apache.catalina.startup.VersionLoggerListener.log Nombre de la versión del servidor: Apache Tomcat/10.0.26
13-Oct-2022 17:53:09.023 INFORMACIÓN [main] org.apache.catalina.startup.VersionLoggerListener.log Server built:                      Sep 23 2022 10:25:44 UTC
13-Oct-2022 17:53:09.023 INFORMACIÓN [main] org.apache.catalina.startup.VersionLoggerListener.log Número de versión de servidor:     10.0.26.0
13-Oct-2022 17:53:09.023 INFORMACIÓN [main] org.apache.catalina.startup.VersionLoggerListener.log OS Name:                           Windows 10
13-Oct-2022 17:53:09.024 INFORMACIÓN [main] org.apache.catalina.startup.VersionLoggerListener.log Versión de Systema Operativo:      10.0
13-Oct-2022 17:53:09.024 INFORMACIÓN [main] org.apache.catalina.startup.VersionLoggerListener.log Arquitectura:                      amd64
13-Oct-2022 17:53:09.024 INFORMACIÓN [main] org.apache.catalina.startup.VersionLoggerListener.log Java Home:                         C:\Program Files\Java\jdk1.8.0_261\jre
13-Oct-2022 17:53:09.024 INFORMACIÓN [main] org.apache.catalina.startup.VersionLoggerListener.log JVM Version:                       1.8.0_261-b12
13-Oct-2022 17:53:09.024 INFORMACIÓN [main] org.apache.catalina.startup.VersionLoggerListener.log Vededor JVM:                       Oracle Corporation
13-Oct-2022 17:53:09.024 INFORMACIÓN [main] org.apache.catalina.startup.VersionLoggerListener.log CATALINA_BASE:                     D:\ISIL\IVCICLO\DESARROLLO_DE_APLICACIONES_EMPRESARIALES\apache-tomcat-10.0.26
13-Oct-2022 17:53:09.024 INFORMACIÓN [main] org.apache.catalina.startup.VersionLoggerListener.log CATALINA_HOME:                     D:\ISIL\IVCICLO\DESARROLLO_DE_APLICACIONES_EMPRESARIALES\apache-tomcat-10.0.26
13-Oct-2022 17:53:09.025 INFORMACIÓN [main] org.apache.catalina.startup.VersionLoggerListener.log Command line argument:             -Djava.util.logging.config.file=D:\ISIL\IVCICLO\DESARROLLO_DE_APLICACIONES_EMPRESARIALES\apache-tomcat-10.0.26\conf\logging.properties
13-Oct-2022 17:53:09.025 INFORMACIÓN [main] org.apache.catalina.startup.VersionLoggerListener.log Command line argument:             -Djava.util.logging.manager=org.apache.juli.ClassLoaderLogManager
13-Oct-2022 17:53:09.025 INFORMACIÓN [main] org.apache.catalina.startup.VersionLoggerListener.log Command line argument:             -Dhttp.nonProxyHosts=localhost|127.0.0.1|S173-222
13-Oct-2022 17:53:09.025 INFORMACIÓN [main] org.apache.catalina.startup.VersionLoggerListener.log Command line argument:             -Djdk.tls.ephemeralDHKeySize=2048
13-Oct-2022 17:53:09.025 INFORMACIÓN [main] org.apache.catalina.startup.VersionLoggerListener.log Command line argument:             -Djava.protocol.handler.pkgs=org.apache.catalina.webresources
13-Oct-2022 17:53:09.025 INFORMACIÓN [main] org.apache.catalina.startup.VersionLoggerListener.log Command line argument:             -agentlib:jdwp=transport=dt_shmem,address=tomcat_shared_memory_id,server=y,suspend=n
13-Oct-2022 17:53:09.026 INFORMACIÓN [main] org.apache.catalina.startup.VersionLoggerListener.log Command line argument:             -Dignore.endorsed.dirs=
13-Oct-2022 17:53:09.026 INFORMACIÓN [main] org.apache.catalina.startup.VersionLoggerListener.log Command line argument:             -Dcatalina.base=D:\ISIL\IVCICLO\DESARROLLO_DE_APLICACIONES_EMPRESARIALES\apache-tomcat-10.0.26
13-Oct-2022 17:53:09.026 INFORMACIÓN [main] org.apache.catalina.startup.VersionLoggerListener.log Command line argument:             -Dcatalina.home=D:\ISIL\IVCICLO\DESARROLLO_DE_APLICACIONES_EMPRESARIALES\apache-tomcat-10.0.26
13-Oct-2022 17:53:09.026 INFORMACIÓN [main] org.apache.catalina.startup.VersionLoggerListener.log Command line argument:             -Djava.io.tmpdir=D:\ISIL\IVCICLO\DESARROLLO_DE_APLICACIONES_EMPRESARIALES\apache-tomcat-10.0.26\temp
13-Oct-2022 17:53:09.030 INFORMACIÓN [main] org.apache.catalina.core.AprLifecycleListener.lifecycleEvent Cargada la biblioteca nativa APR de Apache Tomcat [1.2.35] con la versión APR [1.7.0].
13-Oct-2022 17:53:09.030 INFORMACIÓN [main] org.apache.catalina.core.AprLifecycleListener.lifecycleEvent Capacidades APR: IPv6 [true], enviar fichero [true], aceptar filtros [false], aleatorio [true], UDS [true].
13-Oct-2022 17:53:09.064 INFORMACIÓN [main] org.apache.catalina.core.AprLifecycleListener.initializeSSL OpenSSL inicializado correctamente [OpenSSL 1.1.1q  5 Jul 2022]
13-Oct-2022 17:53:09.381 INFORMACIÓN [main] org.apache.coyote.AbstractProtocol.init Inicializando el manejador de protocolo ["http-nio-8081"]

13-Oct-2022 17:53:09.397 INFORMACIÓN [main] org.apache.catalina.startup.Catalina.load Server initialization in [593] milliseconds
13-Oct-2022 17:53:09.430 INFORMACIÓN [main] org.apache.catalina.core.StandardService.startInternal Arrancando servicio [Catalina]
13-Oct-2022 17:53:09.430 INFORMACIÓN [main] org.apache.catalina.core.StandardEngine.startInternal Starting Servlet engine: [Apache Tomcat/10.0.26]
13-Oct-2022 17:53:09.439 INFORMACIÓN [main] org.apache.catalina.startup.HostConfig.deployDescriptor Desplieque del descriptor de configuración [D:\ISIL\IVCICLO\DESARROLLO_DE_APLICACIONES_EMPRESARIALES\apache-tomcat-10.0.26\conf\Catalina\localhost\mavenproject1.xml]
13-Oct-2022 17:53:09.456 ADVERTENCIA [main] org.apache.catalina.startup.HostConfig.deployDescriptor The path attribute with value [/mavenproject1] in deployment descriptor [D:\ISIL\IVCICLO\DESARROLLO_DE_APLICACIONES_EMPRESARIALES\apache-tomcat-10.0.26\conf\Catalina\localhost\mavenproject1.xml] has been ignored
13-Oct-2022 17:53:09.771 ADVERTENCIA [main] org.apache.catalina.util.SessionIdGeneratorBase.createSecureRandom Creation of SecureRandom instance for session ID generation using [SHA1PRNG] took [109] milliseconds.
13-Oct-2022 17:53:09.786 INFORMACIÓN [main] org.apache.catalina.startup.HostConfig.deployDescriptor Deployment of deployment descriptor [D:\ISIL\IVCICLO\DESARROLLO_DE_APLICACIONES_EMPRESARIALES\apache-tomcat-10.0.26\conf\Catalina\localhost\mavenproject1.xml] has finished in [347] ms
13-Oct-2022 17:53:09.787 INFORMACIÓN [main] org.apache.catalina.startup.HostConfig.deployDescriptor Desplieque del descriptor de configuración [D:\ISIL\IVCICLO\DESARROLLO_DE_APLICACIONES_EMPRESARIALES\apache-tomcat-10.0.26\conf\Catalina\localhost\mi_proyecto.xml]
13-Oct-2022 17:53:09.788 ADVERTENCIA [main] org.apache.catalina.startup.HostConfig.deployDescriptor The path attribute with value [/mi_proyecto] in deployment descriptor [D:\ISIL\IVCICLO\DESARROLLO_DE_APLICACIONES_EMPRESARIALES\apache-tomcat-10.0.26\conf\Catalina\localhost\mi_proyecto.xml] has been ignored
13-Oct-2022 17:53:10.245 INFORMACIÓN [main] org.apache.jasper.servlet.TldScanner.scanJars Al menos un JAR, que se ha explorado buscando TLDs, aún no contenía TLDs. Activar historial de depuración para este historiador para una completa lista de los JARs que fueron explorados y de los que nos se halló TLDs. Saltarse JARs no necesarios durante la exploración puede dar lugar a una mejora de tiempo significativa en el arranque y compilación de JSP .
13-Oct-2022 17:53:10.247 INFORMACIÓN [main] org.apache.catalina.startup.HostConfig.deployDescriptor Deployment of deployment descriptor [D:\ISIL\IVCICLO\DESARROLLO_DE_APLICACIONES_EMPRESARIALES\apache-tomcat-10.0.26\conf\Catalina\localhost\mi_proyecto.xml] has finished in [461] ms
13-Oct-2022 17:53:10.248 INFORMACIÓN [main] org.apache.catalina.startup.HostConfig.deployDirectory Desplegando el directorio [D:\ISIL\IVCICLO\DESARROLLO_DE_APLICACIONES_EMPRESARIALES\apache-tomcat-10.0.26\webapps\docs] de la aplicación web
13-Oct-2022 17:53:10.265 INFORMACIÓN [main] org.apache.catalina.startup.HostConfig.deployDirectory Deployment of web application directory [D:\ISIL\IVCICLO\DESARROLLO_DE_APLICACIONES_EMPRESARIALES\apache-tomcat-10.0.26\webapps\docs] has finished in [17] ms
13-Oct-2022 17:53:10.265 INFORMACIÓN [main] org.apache.catalina.startup.HostConfig.deployDirectory Desplegando el directorio [D:\ISIL\IVCICLO\DESARROLLO_DE_APLICACIONES_EMPRESARIALES\apache-tomcat-10.0.26\webapps\examples] de la aplicación web
13-Oct-2022 17:53:10.499 INFORMACIÓN [main] org.apache.catalina.startup.HostConfig.deployDirectory Deployment of web application directory [D:\ISIL\IVCICLO\DESARROLLO_DE_APLICACIONES_EMPRESARIALES\apache-tomcat-10.0.26\webapps\examples] has finished in [233] ms
13-Oct-2022 17:53:10.499 INFORMACIÓN [main] org.apache.catalina.startup.HostConfig.deployDirectory Desplegando el directorio [D:\ISIL\IVCICLO\DESARROLLO_DE_APLICACIONES_EMPRESARIALES\apache-tomcat-10.0.26\webapps\host-manager] de la aplicación web
13-Oct-2022 17:53:10.523 INFORMACIÓN [main] org.apache.catalina.startup.HostConfig.deployDirectory Deployment of web application directory [D:\ISIL\IVCICLO\DESARROLLO_DE_APLICACIONES_EMPRESARIALES\apache-tomcat-10.0.26\webapps\host-manager] has finished in [24] ms
13-Oct-2022 17:53:10.523 INFORMACIÓN [main] org.apache.catalina.startup.HostConfig.deployDirectory Desplegando el directorio [D:\ISIL\IVCICLO\DESARROLLO_DE_APLICACIONES_EMPRESARIALES\apache-tomcat-10.0.26\webapps\manager] de la aplicación web
13-Oct-2022 17:53:10.543 INFORMACIÓN [main] org.apache.catalina.startup.HostConfig.deployDirectory Deployment of web application directory [D:\ISIL\IVCICLO\DESARROLLO_DE_APLICACIONES_EMPRESARIALES\apache-tomcat-10.0.26\webapps\manager] has finished in [20] ms
13-Oct-2022 17:53:10.543 INFORMACIÓN [main] org.apache.catalina.startup.HostConfig.deployDirectory Desplegando el directorio [D:\ISIL\IVCICLO\DESARROLLO_DE_APLICACIONES_EMPRESARIALES\apache-tomcat-10.0.26\webapps\ROOT] de la aplicación web
13-Oct-2022 17:53:10.556 INFORMACIÓN [main] org.apache.catalina.startup.HostConfig.deployDirectory Deployment of web application directory [D:\ISIL\IVCICLO\DESARROLLO_DE_APLICACIONES_EMPRESARIALES\apache-tomcat-10.0.26\webapps\ROOT] has finished in [13] ms
13-Oct-2022 17:53:10.559 INFORMACIÓN [main] org.apache.coyote.AbstractProtocol.start Starting ProtocolHandler ["http-nio-8081"]
13-Oct-2022 17:53:10.574 INFORMACIÓN [main] org.apache.catalina.startup.Catalina.start Server startup in [1177] milliseconds
13-Oct-2022 17:54:24.601 INFORMACIÓN [main] org.apache.catalina.core.StandardServer.await Se ha recibido un comando de apagado a través del puerto de apagado. Parando la instancia del Servidor.
13-Oct-2022 17:54:24.602 INFORMACIÓN [main] org.apache.coyote.AbstractProtocol.pause Pausing ProtocolHandler ["http-nio-8081"]
13-Oct-2022 17:54:24.718 INFORMACIÓN [main] org.apache.catalina.core.StandardService.stopInternal Parando servicio [Catalina]
13-Oct-2022 17:54:24.744 INFORMACIÓN [main] org.apache.coyote.AbstractProtocol.stop Stopping ProtocolHandler ["http-nio-8081"]
13-Oct-2022 17:54:24.755 INFORMACIÓN [main] org.apache.coyote.AbstractProtocol.destroy Destroying ProtocolHandler ["http-nio-8081"]
13-Oct-2022 18:00:58.173 INFORMACIÓN [main] org.apache.catalina.startup.VersionLoggerListener.log Nombre de la versión del servidor: Apache Tomcat/10.0.26
13-Oct-2022 18:00:58.175 INFORMACIÓN [main] org.apache.catalina.startup.VersionLoggerListener.log Server built:                      Sep 23 2022 10:25:44 UTC
13-Oct-2022 18:00:58.175 INFORMACIÓN [main] org.apache.catalina.startup.VersionLoggerListener.log Número de versión de servidor:     10.0.26.0
13-Oct-2022 18:00:58.175 INFORMACIÓN [main] org.apache.catalina.startup.VersionLoggerListener.log OS Name:                           Windows 10
13-Oct-2022 18:00:58.175 INFORMACIÓN [main] org.apache.catalina.startup.VersionLoggerListener.log Versión de Systema Operativo:      10.0
13-Oct-2022 18:00:58.175 INFORMACIÓN [main] org.apache.catalina.startup.VersionLoggerListener.log Arquitectura:                      amd64
13-Oct-2022 18:00:58.175 INFORMACIÓN [main] org.apache.catalina.startup.VersionLoggerListener.log Java Home:                         C:\Program Files\Java\jdk1.8.0_261\jre
13-Oct-2022 18:00:58.175 INFORMACIÓN [main] org.apache.catalina.startup.VersionLoggerListener.log JVM Version:                       1.8.0_261-b12
13-Oct-2022 18:00:58.176 INFORMACIÓN [main] org.apache.catalina.startup.VersionLoggerListener.log Vededor JVM:                       Oracle Corporation
13-Oct-2022 18:00:58.176 INFORMACIÓN [main] org.apache.catalina.startup.VersionLoggerListener.log CATALINA_BASE:                     D:\ISIL\IVCICLO\DESARROLLO_DE_APLICACIONES_EMPRESARIALES\apache-tomcat-10.0.26
13-Oct-2022 18:00:58.176 INFORMACIÓN [main] org.apache.catalina.startup.VersionLoggerListener.log CATALINA_HOME:                     D:\ISIL\IVCICLO\DESARROLLO_DE_APLICACIONES_EMPRESARIALES\apache-tomcat-10.0.26
13-Oct-2022 18:00:58.179 INFORMACIÓN [main] org.apache.catalina.startup.VersionLoggerListener.log Command line argument:             -Djava.util.logging.config.file=D:\ISIL\IVCICLO\DESARROLLO_DE_APLICACIONES_EMPRESARIALES\apache-tomcat-10.0.26\conf\logging.properties
13-Oct-2022 18:00:58.179 INFORMACIÓN [main] org.apache.catalina.startup.VersionLoggerListener.log Command line argument:             -Djava.util.logging.manager=org.apache.juli.ClassLoaderLogManager
13-Oct-2022 18:00:58.179 INFORMACIÓN [main] org.apache.catalina.startup.VersionLoggerListener.log Command line argument:             -Dhttp.nonProxyHosts=localhost|127.0.0.1|S173-222
13-Oct-2022 18:00:58.179 INFORMACIÓN [main] org.apache.catalina.startup.VersionLoggerListener.log Command line argument:             -Djdk.tls.ephemeralDHKeySize=2048
13-Oct-2022 18:00:58.179 INFORMACIÓN [main] org.apache.catalina.startup.VersionLoggerListener.log Command line argument:             -Djava.protocol.handler.pkgs=org.apache.catalina.webresources
13-Oct-2022 18:00:58.179 INFORMACIÓN [main] org.apache.catalina.startup.VersionLoggerListener.log Command line argument:             -Dignore.endorsed.dirs=
13-Oct-2022 18:00:58.179 INFORMACIÓN [main] org.apache.catalina.startup.VersionLoggerListener.log Command line argument:             -Dcatalina.base=D:\ISIL\IVCICLO\DESARROLLO_DE_APLICACIONES_EMPRESARIALES\apache-tomcat-10.0.26
13-Oct-2022 18:00:58.179 INFORMACIÓN [main] org.apache.catalina.startup.VersionLoggerListener.log Command line argument:             -Dcatalina.home=D:\ISIL\IVCICLO\DESARROLLO_DE_APLICACIONES_EMPRESARIALES\apache-tomcat-10.0.26
13-Oct-2022 18:00:58.179 INFORMACIÓN [main] org.apache.catalina.startup.VersionLoggerListener.log Command line argument:             -Djava.io.tmpdir=D:\ISIL\IVCICLO\DESARROLLO_DE_APLICACIONES_EMPRESARIALES\apache-tomcat-10.0.26\temp
13-Oct-2022 18:00:58.185 INFORMACIÓN [main] org.apache.catalina.core.AprLifecycleListener.lifecycleEvent Cargada la biblioteca nativa APR de Apache Tomcat [1.2.35] con la versión APR [1.7.0].
13-Oct-2022 18:00:58.185 INFORMACIÓN [main] org.apache.catalina.core.AprLifecycleListener.lifecycleEvent Capacidades APR: IPv6 [true], enviar fichero [true], aceptar filtros [false], aleatorio [true], UDS [true].
13-Oct-2022 18:00:58.189 INFORMACIÓN [main] org.apache.catalina.core.AprLifecycleListener.initializeSSL OpenSSL inicializado correctamente [OpenSSL 1.1.1q  5 Jul 2022]
13-Oct-2022 18:00:58.513 INFORMACIÓN [main] org.apache.coyote.AbstractProtocol.init Inicializando el manejador de protocolo ["http-nio-8081"]

13-Oct-2022 18:00:58.532 INFORMACIÓN [main] org.apache.catalina.startup.Catalina.load Server initialization in [538] milliseconds
13-Oct-2022 18:00:58.556 INFORMACIÓN [main] org.apache.catalina.core.StandardService.startInternal Arrancando servicio [Catalina]
13-Oct-2022 18:00:58.556 INFORMACIÓN [main] org.apache.catalina.core.StandardEngine.startInternal Starting Servlet engine: [Apache Tomcat/10.0.26]
13-Oct-2022 18:00:58.563 INFORMACIÓN [main] org.apache.catalina.startup.HostConfig.deployDescriptor Desplieque del descriptor de configuración [D:\ISIL\IVCICLO\DESARROLLO_DE_APLICACIONES_EMPRESARIALES\apache-tomcat-10.0.26\conf\Catalina\localhost\mavenproject1.xml]
13-Oct-2022 18:00:58.577 ADVERTENCIA [main] org.apache.catalina.startup.HostConfig.deployDescriptor The path attribute with value [/mavenproject1] in deployment descriptor [D:\ISIL\IVCICLO\DESARROLLO_DE_APLICACIONES_EMPRESARIALES\apache-tomcat-10.0.26\conf\Catalina\localhost\mavenproject1.xml] has been ignored
13-Oct-2022 18:00:58.864 ADVERTENCIA [main] org.apache.catalina.util.SessionIdGeneratorBase.createSecureRandom Creation of SecureRandom instance for session ID generation using [SHA1PRNG] took [108] milliseconds.
13-Oct-2022 18:00:58.877 INFORMACIÓN [main] org.apache.catalina.startup.HostConfig.deployDescriptor Deployment of deployment descriptor [D:\ISIL\IVCICLO\DESARROLLO_DE_APLICACIONES_EMPRESARIALES\apache-tomcat-10.0.26\conf\Catalina\localhost\mavenproject1.xml] has finished in [314] ms
13-Oct-2022 18:00:58.877 INFORMACIÓN [main] org.apache.catalina.startup.HostConfig.deployDescriptor Desplieque del descriptor de configuración [D:\ISIL\IVCICLO\DESARROLLO_DE_APLICACIONES_EMPRESARIALES\apache-tomcat-10.0.26\conf\Catalina\localhost\mi_proyecto.xml]
13-Oct-2022 18:00:58.878 ADVERTENCIA [main] org.apache.catalina.startup.HostConfig.deployDescriptor The path attribute with value [/mi_proyecto] in deployment descriptor [D:\ISIL\IVCICLO\DESARROLLO_DE_APLICACIONES_EMPRESARIALES\apache-tomcat-10.0.26\conf\Catalina\localhost\mi_proyecto.xml] has been ignored
13-Oct-2022 18:00:59.330 INFORMACIÓN [main] org.apache.jasper.servlet.TldScanner.scanJars Al menos un JAR, que se ha explorado buscando TLDs, aún no contenía TLDs. Activar historial de depuración para este historiador para una completa lista de los JARs que fueron explorados y de los que nos se halló TLDs. Saltarse JARs no necesarios durante la exploración puede dar lugar a una mejora de tiempo significativa en el arranque y compilación de JSP .
13-Oct-2022 18:00:59.333 INFORMACIÓN [main] org.apache.catalina.startup.HostConfig.deployDescriptor Deployment of deployment descriptor [D:\ISIL\IVCICLO\DESARROLLO_DE_APLICACIONES_EMPRESARIALES\apache-tomcat-10.0.26\conf\Catalina\localhost\mi_proyecto.xml] has finished in [455] ms
13-Oct-2022 18:00:59.333 INFORMACIÓN [main] org.apache.catalina.startup.HostConfig.deployDirectory Desplegando el directorio [D:\ISIL\IVCICLO\DESARROLLO_DE_APLICACIONES_EMPRESARIALES\apache-tomcat-10.0.26\webapps\docs] de la aplicación web
13-Oct-2022 18:00:59.348 INFORMACIÓN [main] org.apache.catalina.startup.HostConfig.deployDirectory Deployment of web application directory [D:\ISIL\IVCICLO\DESARROLLO_DE_APLICACIONES_EMPRESARIALES\apache-tomcat-10.0.26\webapps\docs] has finished in [15] ms
13-Oct-2022 18:00:59.348 INFORMACIÓN [main] org.apache.catalina.startup.HostConfig.deployDirectory Desplegando el directorio [D:\ISIL\IVCICLO\DESARROLLO_DE_APLICACIONES_EMPRESARIALES\apache-tomcat-10.0.26\webapps\examples] de la aplicación web
13-Oct-2022 18:00:59.551 INFORMACIÓN [main] org.apache.catalina.startup.HostConfig.deployDirectory Deployment of web application directory [D:\ISIL\IVCICLO\DESARROLLO_DE_APLICACIONES_EMPRESARIALES\apache-tomcat-10.0.26\webapps\examples] has finished in [203] ms
13-Oct-2022 18:00:59.551 INFORMACIÓN [main] org.apache.catalina.startup.HostConfig.deployDirectory Desplegando el directorio [D:\ISIL\IVCICLO\DESARROLLO_DE_APLICACIONES_EMPRESARIALES\apache-tomcat-10.0.26\webapps\host-manager] de la aplicación web
13-Oct-2022 18:00:59.572 INFORMACIÓN [main] org.apache.catalina.startup.HostConfig.deployDirectory Deployment of web application directory [D:\ISIL\IVCICLO\DESARROLLO_DE_APLICACIONES_EMPRESARIALES\apache-tomcat-10.0.26\webapps\host-manager] has finished in [21] ms
13-Oct-2022 18:00:59.573 INFORMACIÓN [main] org.apache.catalina.startup.HostConfig.deployDirectory Desplegando el directorio [D:\ISIL\IVCICLO\DESARROLLO_DE_APLICACIONES_EMPRESARIALES\apache-tomcat-10.0.26\webapps\manager] de la aplicación web
13-Oct-2022 18:00:59.591 INFORMACIÓN [main] org.apache.catalina.startup.HostConfig.deployDirectory Deployment of web application directory [D:\ISIL\IVCICLO\DESARROLLO_DE_APLICACIONES_EMPRESARIALES\apache-tomcat-10.0.26\webapps\manager] has finished in [18] ms
13-Oct-2022 18:00:59.592 INFORMACIÓN [main] org.apache.catalina.startup.HostConfig.deployDirectory Desplegando el directorio [D:\ISIL\IVCICLO\DESARROLLO_DE_APLICACIONES_EMPRESARIALES\apache-tomcat-10.0.26\webapps\ROOT] de la aplicación web
13-Oct-2022 18:00:59.609 INFORMACIÓN [main] org.apache.catalina.startup.HostConfig.deployDirectory Deployment of web application directory [D:\ISIL\IVCICLO\DESARROLLO_DE_APLICACIONES_EMPRESARIALES\apache-tomcat-10.0.26\webapps\ROOT] has finished in [18] ms
13-Oct-2022 18:00:59.612 INFORMACIÓN [main] org.apache.coyote.AbstractProtocol.start Starting ProtocolHandler ["http-nio-8081"]
13-Oct-2022 18:00:59.625 INFORMACIÓN [main] org.apache.catalina.startup.Catalina.start Server startup in [1092] milliseconds
13-Oct-2022 18:01:07.144 INFORMACIÓN [http-nio-8081-exec-9] org.apache.catalina.startup.HostConfig.undeploy Repliegue (undeploy) de la aplicación web que tiene como trayectoria de contexto [/mi_proyecto]
13-Oct-2022 18:01:07.205 INFORMACIÓN [http-nio-8081-exec-1] org.apache.catalina.startup.HostConfig.deployDescriptor Desplieque del descriptor de configuración [D:\ISIL\IVCICLO\DESARROLLO_DE_APLICACIONES_EMPRESARIALES\apache-tomcat-10.0.26\conf\Catalina\localhost\mi_proyecto.xml]
13-Oct-2022 18:01:07.206 ADVERTENCIA [http-nio-8081-exec-1] org.apache.catalina.startup.HostConfig.deployDescriptor The path attribute with value [/mi_proyecto] in deployment descriptor [D:\ISIL\IVCICLO\DESARROLLO_DE_APLICACIONES_EMPRESARIALES\apache-tomcat-10.0.26\conf\Catalina\localhost\mi_proyecto.xml] has been ignored
13-Oct-2022 18:01:07.577 INFORMACIÓN [http-nio-8081-exec-1] org.apache.jasper.servlet.TldScanner.scanJars Al menos un JAR, que se ha explorado buscando TLDs, aún no contenía TLDs. Activar historial de depuración para este historiador para una completa lista de los JARs que fueron explorados y de los que nos se halló TLDs. Saltarse JARs no necesarios durante la exploración puede dar lugar a una mejora de tiempo significativa en el arranque y compilación de JSP .
13-Oct-2022 18:01:07.580 INFORMACIÓN [http-nio-8081-exec-1] org.apache.catalina.startup.HostConfig.deployDescriptor Deployment of deployment descriptor [D:\ISIL\IVCICLO\DESARROLLO_DE_APLICACIONES_EMPRESARIALES\apache-tomcat-10.0.26\conf\Catalina\localhost\mi_proyecto.xml] has finished in [375] ms
13-Oct-2022 18:01:07.584 INFORMACIÓN [http-nio-8081-exec-7] org.apache.catalina.util.LifecycleBase.start The start() method was called on component [StandardEngine[Catalina].StandardHost[localhost].StandardContext[/mi_proyecto]] after start() had already been called. The second call will be ignored.
13-Oct-2022 18:02:31.029 INFORMACIÓN [http-nio-8081-exec-14] org.apache.catalina.startup.HostConfig.undeploy Repliegue (undeploy) de la aplicación web que tiene como trayectoria de contexto [/mi_proyecto]
13-Oct-2022 18:02:31.060 INFORMACIÓN [http-nio-8081-exec-12] org.apache.catalina.startup.HostConfig.deployDescriptor Desplieque del descriptor de configuración [D:\ISIL\IVCICLO\DESARROLLO_DE_APLICACIONES_EMPRESARIALES\apache-tomcat-10.0.26\conf\Catalina\localhost\mi_proyecto.xml]
13-Oct-2022 18:02:31.061 ADVERTENCIA [http-nio-8081-exec-12] org.apache.catalina.startup.HostConfig.deployDescriptor The path attribute with value [/mi_proyecto] in deployment descriptor [D:\ISIL\IVCICLO\DESARROLLO_DE_APLICACIONES_EMPRESARIALES\apache-tomcat-10.0.26\conf\Catalina\localhost\mi_proyecto.xml] has been ignored
13-Oct-2022 18:02:31.403 INFORMACIÓN [http-nio-8081-exec-12] org.apache.jasper.servlet.TldScanner.scanJars Al menos un JAR, que se ha explorado buscando TLDs, aún no contenía TLDs. Activar historial de depuración para este historiador para una completa lista de los JARs que fueron explorados y de los que nos se halló TLDs. Saltarse JARs no necesarios durante la exploración puede dar lugar a una mejora de tiempo significativa en el arranque y compilación de JSP .
13-Oct-2022 18:02:31.405 INFORMACIÓN [http-nio-8081-exec-12] org.apache.catalina.startup.HostConfig.deployDescriptor Deployment of deployment descriptor [D:\ISIL\IVCICLO\DESARROLLO_DE_APLICACIONES_EMPRESARIALES\apache-tomcat-10.0.26\conf\Catalina\localhost\mi_proyecto.xml] has finished in [345] ms
13-Oct-2022 18:02:31.410 INFORMACIÓN [http-nio-8081-exec-5] org.apache.catalina.util.LifecycleBase.start The start() method was called on component [StandardEngine[Catalina].StandardHost[localhost].StandardContext[/mi_proyecto]] after start() had already been called. The second call will be ignored.
13-Oct-2022 22:03:41.634 INFORMACIÓN [main] org.apache.catalina.core.StandardServer.await Se ha recibido un comando de apagado a través del puerto de apagado. Parando la instancia del Servidor.
13-Oct-2022 22:03:41.635 INFORMACIÓN [main] org.apache.coyote.AbstractProtocol.pause Pausing ProtocolHandler ["http-nio-8081"]
13-Oct-2022 22:03:41.730 INFORMACIÓN [main] org.apache.catalina.core.StandardService.stopInternal Parando servicio [Catalina]
13-Oct-2022 22:03:41.748 ADVERTENCIA [main] org.apache.catalina.loader.WebappClassLoaderBase.clearReferencesJdbc La aplicación web [mi_proyecto] registró el conductor JDBC [com.mysql.cj.jdbc.Driver] pero falló al anular el registro mientras la aplicación web estaba parada. Para prevenir un fallo de memoria, se ha anulado el registro del conductor JDBC por la fuerza.
13-Oct-2022 22:03:41.749 ADVERTENCIA [main] org.apache.catalina.loader.WebappClassLoaderBase.clearReferencesThreads The web application [mi_proyecto] appears to have started a thread named [mysql-cj-abandoned-connection-cleanup] but has failed to stop it. This is very likely to create a memory leak. Stack trace of thread:
 java.lang.Object.wait(Native Method)
 java.lang.ref.ReferenceQueue.remove(ReferenceQueue.java:144)
 com.mysql.cj.jdbc.AbandonedConnectionCleanupThread.run(AbandonedConnectionCleanupThread.java:91)
 java.util.concurrent.ThreadPoolExecutor.runWorker(ThreadPoolExecutor.java:1149)
 java.util.concurrent.ThreadPoolExecutor$Worker.run(ThreadPoolExecutor.java:624)
 java.lang.Thread.run(Thread.java:748)
13-Oct-2022 22:03:41.755 INFORMACIÓN [main] org.apache.coyote.AbstractProtocol.stop Stopping ProtocolHandler ["http-nio-8081"]
13-Oct-2022 22:03:41.768 INFORMACIÓN [main] org.apache.coyote.AbstractProtocol.destroy Destroying ProtocolHandler ["http-nio-8081"]
