13-Oct-2022 17:34:12.783 INFORMACIÓN [http-nio-8080-exec-4] org.apache.catalina.core.ApplicationContext.log Manager: init: Associated with Deployer 'Catalina:type=Deployer,host=localhost'
13-Oct-2022 17:34:12.783 INFORMACIÓN [http-nio-8080-exec-4] org.apache.catalina.core.ApplicationContext.log Manager: init: Global resources are available
13-Oct-2022 17:34:12.820 INFORMACIÓN [http-nio-8080-exec-7] org.apache.catalina.core.ApplicationContext.log Manager: list: Listing contexts for virtual host 'localhost'
13-Oct-2022 17:34:12.825 INFORMACIÓN [http-nio-8080-exec-8] org.apache.catalina.core.ApplicationContext.log Manager: list: Listing contexts for virtual host 'localhost'
13-Oct-2022 17:34:12.849 INFORMACIÓN [http-nio-8080-exec-9] org.apache.catalina.core.ApplicationContext.log Manager: install: Installing context configuration at 'file:/C:/Users/JIMMY/AppData/Local/Temp/context910231113023117897.xml'
13-Oct-2022 17:34:13.315 INFORMACIÓN [http-nio-8080-exec-10] org.apache.catalina.core.ApplicationContext.log Manager: start: Starting web application '/mi_proyecto'
13-Oct-2022 17:34:35.498 INFORMACIÓN [http-nio-8080-exec-6] org.apache.catalina.core.ApplicationContext.log Manager: list: Listing contexts for virtual host 'localhost'
13-Oct-2022 17:34:35.500 INFORMACIÓN [http-nio-8080-exec-7] org.apache.catalina.core.ApplicationContext.log Manager: list: Listing contexts for virtual host 'localhost'
13-Oct-2022 17:34:35.510 INFORMACIÓN [http-nio-8080-exec-8] org.apache.catalina.core.ApplicationContext.log Manager: undeploy: Undeploying web application at '/mi_proyecto'
13-Oct-2022 17:34:36.081 INFORMACIÓN [http-nio-8080-exec-9] org.apache.catalina.core.ApplicationContext.log Manager: install: Installing context configuration at 'file:/C:/Users/JIMMY/AppData/Local/Temp/context7226336290359338229.xml'
13-Oct-2022 17:34:36.522 INFORMACIÓN [http-nio-8080-exec-5] org.apache.catalina.core.ApplicationContext.log Manager: start: Starting web application '/mi_proyecto'
13-Oct-2022 17:34:58.520 INFORMACIÓN [http-nio-8080-exec-4] org.apache.catalina.core.ApplicationContext.log Manager: list: Listing contexts for virtual host 'localhost'
13-Oct-2022 17:34:58.522 INFORMACIÓN [http-nio-8080-exec-7] org.apache.catalina.core.ApplicationContext.log Manager: list: Listing contexts for virtual host 'localhost'
13-Oct-2022 17:34:58.529 INFORMACIÓN [http-nio-8080-exec-11] org.apache.catalina.core.ApplicationContext.log Manager: undeploy: Undeploying web application at '/mi_proyecto'
13-Oct-2022 17:34:59.074 INFORMACIÓN [http-nio-8080-exec-13] org.apache.catalina.core.ApplicationContext.log Manager: install: Installing context configuration at 'file:/C:/Users/JIMMY/AppData/Local/Temp/context4332050520171044125.xml'
13-Oct-2022 17:34:59.511 INFORMACIÓN [http-nio-8080-exec-3] org.apache.catalina.core.ApplicationContext.log Manager: start: Starting web application '/mi_proyecto'
13-Oct-2022 17:35:16.595 INFORMACIÓN [http-nio-8080-exec-13] org.apache.catalina.core.ApplicationContext.log Manager: list: Listing contexts for virtual host 'localhost'
13-Oct-2022 17:35:16.599 INFORMACIÓN [http-nio-8080-exec-2] org.apache.catalina.core.ApplicationContext.log Manager: list: Listing contexts for virtual host 'localhost'
13-Oct-2022 17:35:16.607 INFORMACIÓN [http-nio-8080-exec-14] org.apache.catalina.core.ApplicationContext.log Manager: undeploy: Undeploying web application at '/mi_proyecto'
13-Oct-2022 17:35:17.145 INFORMACIÓN [http-nio-8080-exec-13] org.apache.catalina.core.ApplicationContext.log Manager: install: Installing context configuration at 'file:/C:/Users/JIMMY/AppData/Local/Temp/context7341648917848547368.xml'
13-Oct-2022 17:35:17.558 INFORMACIÓN [http-nio-8080-exec-3] org.apache.catalina.core.ApplicationContext.log Manager: start: Starting web application '/mi_proyecto'
13-Oct-2022 17:51:43.720 INFORMACIÓN [http-nio-8081-exec-4] org.apache.catalina.core.ApplicationContext.log Manager: init: Associated with Deployer 'Catalina:type=Deployer,host=localhost'
13-Oct-2022 17:51:43.720 INFORMACIÓN [http-nio-8081-exec-4] org.apache.catalina.core.ApplicationContext.log Manager: init: Global resources are available
13-Oct-2022 17:51:43.755 INFORMACIÓN [http-nio-8081-exec-1] org.apache.catalina.core.ApplicationContext.log Manager: list: Listing contexts for virtual host 'localhost'
13-Oct-2022 17:51:53.214 INFORMACIÓN [http-nio-8081-exec-1] org.apache.catalina.core.ApplicationContext.log Manager: list: Listing contexts for virtual host 'localhost'
13-Oct-2022 17:52:24.322 INFORMACIÓN [http-nio-8081-exec-4] org.apache.catalina.core.ApplicationContext.log Manager: list: Listing contexts for virtual host 'localhost'
13-Oct-2022 17:52:30.866 INFORMACIÓN [http-nio-8081-exec-2] org.apache.catalina.core.ApplicationContext.log Manager: list: Listing contexts for virtual host 'localhost'
13-Oct-2022 17:52:55.565 INFORMACIÓN [http-nio-8081-exec-10] org.apache.catalina.core.ApplicationContext.log Manager: list: Listing contexts for virtual host 'localhost'
13-Oct-2022 17:53:10.662 INFORMACIÓN [http-nio-8081-exec-2] org.apache.catalina.core.ApplicationContext.log Manager: init: Associated with Deployer 'Catalina:type=Deployer,host=localhost'
13-Oct-2022 17:53:10.662 INFORMACIÓN [http-nio-8081-exec-2] org.apache.catalina.core.ApplicationContext.log Manager: init: Global resources are available
13-Oct-2022 17:53:11.103 INFORMACIÓN [http-nio-8081-exec-3] org.apache.catalina.core.ApplicationContext.log Manager: list: Listing contexts for virtual host 'localhost'
13-Oct-2022 17:53:14.684 INFORMACIÓN [http-nio-8081-exec-7] org.apache.catalina.core.ApplicationContext.log Manager: list: Listing contexts for virtual host 'localhost'
13-Oct-2022 17:54:00.138 INFORMACIÓN [http-nio-8081-exec-5] org.apache.catalina.core.ApplicationContext.log Manager: list: Listing contexts for virtual host 'localhost'
13-Oct-2022 18:01:06.574 INFORMACIÓN [http-nio-8081-exec-4] org.apache.catalina.core.ApplicationContext.log Manager: init: Associated with Deployer 'Catalina:type=Deployer,host=localhost'
13-Oct-2022 18:01:06.574 INFORMACIÓN [http-nio-8081-exec-4] org.apache.catalina.core.ApplicationContext.log Manager: init: Global resources are available
13-Oct-2022 18:01:06.606 INFORMACIÓN [http-nio-8081-exec-7] org.apache.catalina.core.ApplicationContext.log Manager: list: Listing contexts for virtual host 'localhost'
13-Oct-2022 18:01:06.611 INFORMACIÓN [http-nio-8081-exec-8] org.apache.catalina.core.ApplicationContext.log Manager: list: Listing contexts for virtual host 'localhost'
13-Oct-2022 18:01:06.622 INFORMACIÓN [http-nio-8081-exec-9] org.apache.catalina.core.ApplicationContext.log Manager: undeploy: Undeploying web application at '/mi_proyecto'
13-Oct-2022 18:01:07.199 INFORMACIÓN [http-nio-8081-exec-1] org.apache.catalina.core.ApplicationContext.log Manager: install: Installing context configuration at 'file:/C:/Users/JIMMY/AppData/Local/Temp/context8735639219197967732.xml'
13-Oct-2022 18:01:07.584 INFORMACIÓN [http-nio-8081-exec-7] org.apache.catalina.core.ApplicationContext.log Manager: start: Starting web application '/mi_proyecto'
13-Oct-2022 18:02:30.508 INFORMACIÓN [http-nio-8081-exec-11] org.apache.catalina.core.ApplicationContext.log Manager: list: Listing contexts for virtual host 'localhost'
13-Oct-2022 18:02:30.510 INFORMACIÓN [http-nio-8081-exec-16] org.apache.catalina.core.ApplicationContext.log Manager: list: Listing contexts for virtual host 'localhost'
13-Oct-2022 18:02:30.520 INFORMACIÓN [http-nio-8081-exec-14] org.apache.catalina.core.ApplicationContext.log Manager: undeploy: Undeploying web application at '/mi_proyecto'
13-Oct-2022 18:02:31.058 INFORMACIÓN [http-nio-8081-exec-12] org.apache.catalina.core.ApplicationContext.log Manager: install: Installing context configuration at 'file:/C:/Users/JIMMY/AppData/Local/Temp/context651267961629189378.xml'
13-Oct-2022 18:02:31.410 INFORMACIÓN [http-nio-8081-exec-5] org.apache.catalina.core.ApplicationContext.log Manager: start: Starting web application '/mi_proyecto'
