21-Oct-2022 12:00:36.057 INFORMACIÓN [http-nio-8081-exec-4] org.apache.catalina.core.ApplicationContext.log Manager: init: Associated with Deployer 'Catalina:type=Deployer,host=localhost'
21-Oct-2022 12:00:36.058 INFORMACIÓN [http-nio-8081-exec-4] org.apache.catalina.core.ApplicationContext.log Manager: init: Global resources are available
21-Oct-2022 12:00:36.087 INFORMACIÓN [http-nio-8081-exec-7] org.apache.catalina.core.ApplicationContext.log Manager: list: Listing contexts for virtual host 'localhost'
21-Oct-2022 12:00:36.104 INFORMACIÓN [http-nio-8081-exec-8] org.apache.catalina.core.ApplicationContext.log Manager: list: Listing contexts for virtual host 'localhost'
21-Oct-2022 12:00:36.123 INFORMACIÓN [http-nio-8081-exec-9] org.apache.catalina.core.ApplicationContext.log Manager: install: Installing context configuration at 'file:/C:/Users/JIMMY/AppData/Local/Temp/context8153134902326443633.xml'
21-Oct-2022 12:00:36.521 INFORMACIÓN [http-nio-8081-exec-10] org.apache.catalina.core.ApplicationContext.log Manager: start: Starting web application '/examen_parcial'
21-Oct-2022 12:02:38.545 INFORMACIÓN [http-nio-8081-exec-10] org.apache.catalina.core.ApplicationContext.log Manager: list: Listing contexts for virtual host 'localhost'
21-Oct-2022 12:02:38.556 INFORMACIÓN [http-nio-8081-exec-1] org.apache.catalina.core.ApplicationContext.log Manager: undeploy: Undeploying web application at '/examen_parcial'
21-Oct-2022 12:02:52.437 INFORMACIÓN [http-nio-8081-exec-3] org.apache.catalina.core.ApplicationContext.log Manager: list: Listing contexts for virtual host 'localhost'
21-Oct-2022 12:02:52.441 INFORMACIÓN [http-nio-8081-exec-10] org.apache.catalina.core.ApplicationContext.log Manager: list: Listing contexts for virtual host 'localhost'
21-Oct-2022 12:02:52.461 INFORMACIÓN [http-nio-8081-exec-8] org.apache.catalina.core.ApplicationContext.log Manager: install: Installing context configuration at 'file:/C:/Users/JIMMY/AppData/Local/Temp/context6485652459180296571.xml'
21-Oct-2022 12:02:52.839 INFORMACIÓN [http-nio-8081-exec-6] org.apache.catalina.core.ApplicationContext.log Manager: start: Starting web application '/examen_parcial'
21-Oct-2022 12:11:13.441 INFORMACIÓN [http-nio-8081-exec-19] org.apache.catalina.core.ApplicationContext.log Manager: list: Listing contexts for virtual host 'localhost'
21-Oct-2022 12:11:13.512 INFORMACIÓN [http-nio-8081-exec-18] org.apache.catalina.core.ApplicationContext.log Manager: restart: Reloading web application '/examen_parcial'
21-Oct-2022 12:11:21.378 INFORMACIÓN [http-nio-8081-exec-16] org.apache.catalina.core.ApplicationContext.log Manager: list: Listing contexts for virtual host 'localhost'
21-Oct-2022 12:11:21.387 INFORMACIÓN [http-nio-8081-exec-22] org.apache.catalina.core.ApplicationContext.log Manager: undeploy: Undeploying web application at '/examen_parcial'
21-Oct-2022 12:11:28.009 INFORMACIÓN [http-nio-8081-exec-13] org.apache.catalina.core.ApplicationContext.log Manager: list: Listing contexts for virtual host 'localhost'
21-Oct-2022 12:11:28.014 INFORMACIÓN [http-nio-8081-exec-19] org.apache.catalina.core.ApplicationContext.log Manager: list: Listing contexts for virtual host 'localhost'
21-Oct-2022 12:11:28.027 INFORMACIÓN [http-nio-8081-exec-16] org.apache.catalina.core.ApplicationContext.log Manager: install: Installing context configuration at 'file:/C:/Users/JIMMY/AppData/Local/Temp/context1913307455011074544.xml'
21-Oct-2022 12:11:28.331 INFORMACIÓN [http-nio-8081-exec-14] org.apache.catalina.core.ApplicationContext.log Manager: start: Starting web application '/examen_parcial'
21-Oct-2022 12:12:10.775 INFORMACIÓN [http-nio-8081-exec-30] org.apache.catalina.core.ApplicationContext.log Manager: list: Listing contexts for virtual host 'localhost'
21-Oct-2022 12:12:10.831 INFORMACIÓN [http-nio-8081-exec-16] org.apache.catalina.core.ApplicationContext.log Manager: restart: Reloading web application '/examen_parcial'
21-Oct-2022 12:13:18.443 INFORMACIÓN [http-nio-8081-exec-36] org.apache.catalina.core.ApplicationContext.log Manager: list: Listing contexts for virtual host 'localhost'
21-Oct-2022 12:13:18.472 INFORMACIÓN [http-nio-8081-exec-37] org.apache.catalina.core.ApplicationContext.log Manager: restart: Reloading web application '/examen_parcial'
21-Oct-2022 12:13:29.685 INFORMACIÓN [http-nio-8081-exec-35] org.apache.catalina.core.ApplicationContext.log Manager: list: Listing contexts for virtual host 'localhost'
21-Oct-2022 12:13:29.707 INFORMACIÓN [http-nio-8081-exec-33] org.apache.catalina.core.ApplicationContext.log Manager: restart: Reloading web application '/examen_parcial'
21-Oct-2022 12:30:41.660 INFORMACIÓN [http-nio-8081-exec-44] org.apache.catalina.core.ApplicationContext.log Manager: list: Listing contexts for virtual host 'localhost'
21-Oct-2022 12:30:41.693 INFORMACIÓN [http-nio-8081-exec-46] org.apache.catalina.core.ApplicationContext.log Manager: restart: Reloading web application '/examen_parcial'
21-Oct-2022 12:30:42.335 INFORMACIÓN [http-nio-8081-exec-43] org.apache.catalina.core.ApplicationContext.log Manager: list: Listing contexts for virtual host 'localhost'
21-Oct-2022 12:30:42.373 INFORMACIÓN [http-nio-8081-exec-50] org.apache.catalina.core.ApplicationContext.log Manager: restart: Reloading web application '/examen_parcial'
21-Oct-2022 12:33:46.201 INFORMACIÓN [http-nio-8081-exec-50] org.apache.catalina.core.ApplicationContext.log Manager: list: Listing contexts for virtual host 'localhost'
21-Oct-2022 12:33:46.208 INFORMACIÓN [http-nio-8081-exec-52] org.apache.catalina.core.ApplicationContext.log Manager: undeploy: Undeploying web application at '/examen_parcial'
21-Oct-2022 12:34:00.343 INFORMACIÓN [http-nio-8081-exec-55] org.apache.catalina.core.ApplicationContext.log Manager: list: Listing contexts for virtual host 'localhost'
21-Oct-2022 12:34:00.498 INFORMACIÓN [http-nio-8081-exec-58] org.apache.catalina.core.ApplicationContext.log Manager: list: Listing contexts for virtual host 'localhost'
21-Oct-2022 12:34:03.111 INFORMACIÓN [http-nio-8081-exec-57] org.apache.catalina.core.ApplicationContext.log Manager: list: Listing contexts for virtual host 'localhost'
21-Oct-2022 12:34:12.078 INFORMACIÓN [http-nio-8081-exec-60] org.apache.catalina.core.ApplicationContext.log Manager: list: Listing contexts for virtual host 'localhost'
21-Oct-2022 12:34:12.080 INFORMACIÓN [http-nio-8081-exec-50] org.apache.catalina.core.ApplicationContext.log Manager: list: Listing contexts for virtual host 'localhost'
21-Oct-2022 12:34:12.094 INFORMACIÓN [http-nio-8081-exec-52] org.apache.catalina.core.ApplicationContext.log Manager: install: Installing context configuration at 'file:/C:/Users/JIMMY/AppData/Local/Temp/context6402024991245068859.xml'
21-Oct-2022 12:34:12.449 INFORMACIÓN [http-nio-8081-exec-57] org.apache.catalina.core.ApplicationContext.log Manager: start: Starting web application '/examen_parcial'
21-Oct-2022 12:44:51.402 INFORMACIÓN [http-nio-8081-exec-60] org.apache.catalina.core.ApplicationContext.log Manager: list: Listing contexts for virtual host 'localhost'
21-Oct-2022 12:44:51.451 INFORMACIÓN [http-nio-8081-exec-61] org.apache.catalina.core.ApplicationContext.log Manager: restart: Reloading web application '/examen_parcial'
21-Oct-2022 12:48:48.418 INFORMACIÓN [http-nio-8081-exec-69] org.apache.catalina.core.ApplicationContext.log Manager: list: Listing contexts for virtual host 'localhost'
21-Oct-2022 12:48:48.445 INFORMACIÓN [http-nio-8081-exec-70] org.apache.catalina.core.ApplicationContext.log Manager: restart: Reloading web application '/examen_parcial'
21-Oct-2022 12:48:54.463 INFORMACIÓN [http-nio-8081-exec-58] org.apache.catalina.core.ApplicationContext.log Manager: list: Listing contexts for virtual host 'localhost'
21-Oct-2022 12:48:54.472 INFORMACIÓN [http-nio-8081-exec-67] org.apache.catalina.core.ApplicationContext.log Manager: undeploy: Undeploying web application at '/examen_parcial'
21-Oct-2022 12:49:02.920 INFORMACIÓN [http-nio-8081-exec-64] org.apache.catalina.core.ApplicationContext.log Manager: list: Listing contexts for virtual host 'localhost'
21-Oct-2022 12:49:02.923 INFORMACIÓN [http-nio-8081-exec-72] org.apache.catalina.core.ApplicationContext.log Manager: list: Listing contexts for virtual host 'localhost'
21-Oct-2022 12:49:02.935 INFORMACIÓN [http-nio-8081-exec-71] org.apache.catalina.core.ApplicationContext.log Manager: install: Installing context configuration at 'file:/C:/Users/JIMMY/AppData/Local/Temp/context2007989271654086763.xml'
21-Oct-2022 12:49:03.257 INFORMACIÓN [http-nio-8081-exec-73] org.apache.catalina.core.ApplicationContext.log Manager: start: Starting web application '/examen_parcial'
21-Oct-2022 12:51:26.267 INFORMACIÓN [http-nio-8081-exec-78] org.apache.catalina.core.ApplicationContext.log Manager: list: Listing contexts for virtual host 'localhost'
21-Oct-2022 12:51:26.278 INFORMACIÓN [http-nio-8081-exec-82] org.apache.catalina.core.ApplicationContext.log Manager: undeploy: Undeploying web application at '/'
21-Oct-2022 12:51:26.826 INFORMACIÓN [http-nio-8081-exec-81] org.apache.catalina.core.ApplicationContext.log Manager: install: Installing context configuration at 'file:/C:/Users/JIMMY/AppData/Local/Temp/context4405163629912639850.xml'
21-Oct-2022 12:51:27.317 INFORMACIÓN [http-nio-8081-exec-80] org.apache.catalina.core.ApplicationContext.log Manager: start: Starting web application '/'
21-Oct-2022 12:51:34.581 INFORMACIÓN [http-nio-8081-exec-74] org.apache.catalina.core.ApplicationContext.log Manager: list: Listing contexts for virtual host 'localhost'
21-Oct-2022 12:51:34.584 INFORMACIÓN [http-nio-8081-exec-78] org.apache.catalina.core.ApplicationContext.log Manager: list: Listing contexts for virtual host 'localhost'
21-Oct-2022 12:51:34.593 INFORMACIÓN [http-nio-8081-exec-84] org.apache.catalina.core.ApplicationContext.log Manager: undeploy: Undeploying web application at '/'
21-Oct-2022 12:51:35.147 INFORMACIÓN [http-nio-8081-exec-78] org.apache.catalina.core.ApplicationContext.log Manager: install: Installing context configuration at 'file:/C:/Users/JIMMY/AppData/Local/Temp/context4307626185693025797.xml'
21-Oct-2022 12:51:35.672 INFORMACIÓN [http-nio-8081-exec-85] org.apache.catalina.core.ApplicationContext.log Manager: start: Starting web application '/'
21-Oct-2022 12:52:08.191 INFORMACIÓN [http-nio-8081-exec-86] org.apache.catalina.core.ApplicationContext.log Manager: list: Listing contexts for virtual host 'localhost'
21-Oct-2022 12:52:08.200 INFORMACIÓN [http-nio-8081-exec-87] org.apache.catalina.core.ApplicationContext.log Manager: undeploy: Undeploying web application at '/examen_parcial'
21-Oct-2022 12:52:12.708 INFORMACIÓN [http-nio-8081-exec-92] org.apache.catalina.core.ApplicationContext.log Manager: list: Listing contexts for virtual host 'localhost'
21-Oct-2022 12:52:12.710 INFORMACIÓN [http-nio-8081-exec-86] org.apache.catalina.core.ApplicationContext.log Manager: list: Listing contexts for virtual host 'localhost'
21-Oct-2022 12:52:12.723 INFORMACIÓN [http-nio-8081-exec-84] org.apache.catalina.core.ApplicationContext.log Manager: install: Installing context configuration at 'file:/C:/Users/JIMMY/AppData/Local/Temp/context3333665278676194286.xml'
21-Oct-2022 12:52:13.004 INFORMACIÓN [http-nio-8081-exec-87] org.apache.catalina.core.ApplicationContext.log Manager: start: Starting web application '/examen_parcial'
21-Oct-2022 12:55:30.062 INFORMACIÓN [http-nio-8081-exec-101] org.apache.catalina.core.ApplicationContext.log Manager: list: Listing contexts for virtual host 'localhost'
21-Oct-2022 12:55:30.071 INFORMACIÓN [http-nio-8081-exec-102] org.apache.catalina.core.ApplicationContext.log Manager: undeploy: Undeploying web application at '/examen_parcial'
21-Oct-2022 12:55:30.208 INFORMACIÓN [http-nio-8081-exec-97] org.apache.catalina.core.ApplicationContext.log Manager: list: Listing contexts for virtual host 'localhost'
21-Oct-2022 12:55:30.601 INFORMACIÓN [http-nio-8081-exec-100] org.apache.catalina.core.ApplicationContext.log Manager: restart: Reloading web application '/examen_parcial'
21-Oct-2022 12:55:38.257 INFORMACIÓN [http-nio-8081-exec-103] org.apache.catalina.core.ApplicationContext.log Manager: list: Listing contexts for virtual host 'localhost'
21-Oct-2022 12:55:38.260 INFORMACIÓN [http-nio-8081-exec-95] org.apache.catalina.core.ApplicationContext.log Manager: list: Listing contexts for virtual host 'localhost'
21-Oct-2022 12:55:38.273 INFORMACIÓN [http-nio-8081-exec-98] org.apache.catalina.core.ApplicationContext.log Manager: install: Installing context configuration at 'file:/C:/Users/JIMMY/AppData/Local/Temp/context7048961903057958743.xml'
21-Oct-2022 12:55:38.578 INFORMACIÓN [http-nio-8081-exec-97] org.apache.catalina.core.ApplicationContext.log Manager: start: Starting web application '/examen_parcial'
21-Oct-2022 13:08:48.321 INFORMACIÓN [http-nio-8081-exec-111] org.apache.catalina.core.ApplicationContext.log Manager: list: Listing contexts for virtual host 'localhost'
21-Oct-2022 13:08:48.324 INFORMACIÓN [http-nio-8081-exec-106] org.apache.catalina.core.ApplicationContext.log Manager: list: Listing contexts for virtual host 'localhost'
21-Oct-2022 13:08:48.337 INFORMACIÓN [http-nio-8081-exec-107] org.apache.catalina.core.ApplicationContext.log Manager: undeploy: Undeploying web application at '/examen_parcial'
21-Oct-2022 13:08:48.873 INFORMACIÓN [http-nio-8081-exec-104] org.apache.catalina.core.ApplicationContext.log Manager: install: Installing context configuration at 'file:/C:/Users/JIMMY/AppData/Local/Temp/context8572623804752098034.xml'
21-Oct-2022 13:08:49.191 INFORMACIÓN [http-nio-8081-exec-105] org.apache.catalina.core.ApplicationContext.log Manager: start: Starting web application '/examen_parcial'
21-Oct-2022 13:08:50.098 INFORMACIÓN [http-nio-8081-exec-110] org.apache.catalina.core.ApplicationContext.log Manager: list: Listing contexts for virtual host 'localhost'
21-Oct-2022 13:08:50.144 INFORMACIÓN [http-nio-8081-exec-111] org.apache.catalina.core.ApplicationContext.log Manager: restart: Reloading web application '/examen_parcial'
21-Oct-2022 13:10:26.549 INFORMACIÓN [http-nio-8081-exec-116] org.apache.catalina.core.ApplicationContext.log Manager: list: Listing contexts for virtual host 'localhost'
21-Oct-2022 13:10:26.571 INFORMACIÓN [http-nio-8081-exec-124] org.apache.catalina.core.ApplicationContext.log Manager: restart: Reloading web application '/examen_parcial'
21-Oct-2022 13:13:17.032 INFORMACIÓN [http-nio-8081-exec-3] org.apache.catalina.core.ApplicationContext.log Manager: init: Associated with Deployer 'Catalina:type=Deployer,host=localhost'
21-Oct-2022 13:13:17.032 INFORMACIÓN [http-nio-8081-exec-3] org.apache.catalina.core.ApplicationContext.log Manager: init: Global resources are available
21-Oct-2022 13:13:17.046 INFORMACIÓN [http-nio-8081-exec-4] org.apache.catalina.core.ApplicationContext.log Manager: list: Listing contexts for virtual host 'localhost'
21-Oct-2022 13:13:17.049 INFORMACIÓN [http-nio-8081-exec-3] org.apache.catalina.core.ApplicationContext.log Manager: list: Listing contexts for virtual host 'localhost'
21-Oct-2022 13:13:17.060 INFORMACIÓN [http-nio-8081-exec-8] org.apache.catalina.core.ApplicationContext.log Manager: undeploy: Undeploying web application at '/examen_parcial'
21-Oct-2022 13:13:18.395 INFORMACIÓN [http-nio-8081-exec-2] org.apache.catalina.core.ApplicationContext.log Manager: install: Installing context configuration at 'file:/C:/Users/JIMMY/AppData/Local/Temp/context8458152019986047816.xml'
21-Oct-2022 13:13:18.754 INFORMACIÓN [http-nio-8081-exec-6] org.apache.catalina.core.ApplicationContext.log Manager: start: Starting web application '/examen_parcial'
21-Oct-2022 13:13:44.188 INFORMACIÓN [http-nio-8081-exec-14] org.apache.catalina.core.ApplicationContext.log Manager: list: Listing contexts for virtual host 'localhost'
21-Oct-2022 13:14:41.946 INFORMACIÓN [http-nio-8081-exec-17] org.apache.catalina.core.ApplicationContext.log Manager: list: Listing contexts for virtual host 'localhost'
21-Oct-2022 13:14:56.896 INFORMACIÓN [http-nio-8081-exec-15] org.apache.catalina.core.ApplicationContext.log Manager: list: Listing contexts for virtual host 'localhost'
21-Oct-2022 13:15:06.164 INFORMACIÓN [http-nio-8081-exec-13] org.apache.catalina.core.ApplicationContext.log Manager: list: Listing contexts for virtual host 'localhost'
21-Oct-2022 13:15:10.826 INFORMACIÓN [http-nio-8081-exec-18] org.apache.catalina.core.ApplicationContext.log Manager: list: Listing contexts for virtual host 'localhost'
21-Oct-2022 13:15:15.698 INFORMACIÓN [http-nio-8081-exec-15] org.apache.catalina.core.ApplicationContext.log Manager: list: Listing contexts for virtual host 'localhost'
21-Oct-2022 13:16:40.966 INFORMACIÓN [http-nio-8081-exec-11] org.apache.catalina.core.ApplicationContext.log Manager: list: Listing contexts for virtual host 'localhost'
21-Oct-2022 13:16:51.722 INFORMACIÓN [http-nio-8081-exec-17] org.apache.catalina.core.ApplicationContext.log Manager: list: Listing contexts for virtual host 'localhost'
21-Oct-2022 13:17:00.444 INFORMACIÓN [http-nio-8081-exec-18] org.apache.catalina.core.ApplicationContext.log Manager: list: Listing contexts for virtual host 'localhost'
21-Oct-2022 13:17:08.880 INFORMACIÓN [http-nio-8081-exec-15] org.apache.catalina.core.ApplicationContext.log Manager: list: Listing contexts for virtual host 'localhost'
21-Oct-2022 13:18:57.444 INFORMACIÓN [http-nio-8081-exec-20] org.apache.catalina.core.ApplicationContext.log Manager: list: Listing contexts for virtual host 'localhost'
21-Oct-2022 13:19:07.749 INFORMACIÓN [http-nio-8081-exec-13] org.apache.catalina.core.ApplicationContext.log Manager: list: Listing contexts for virtual host 'localhost'
21-Oct-2022 13:19:11.826 INFORMACIÓN [http-nio-8081-exec-18] org.apache.catalina.core.ApplicationContext.log Manager: list: Listing contexts for virtual host 'localhost'
21-Oct-2022 13:19:31.395 INFORMACIÓN [http-nio-8081-exec-18] org.apache.catalina.core.ApplicationContext.log Manager: list: Listing contexts for virtual host 'localhost'
21-Oct-2022 13:19:43.780 INFORMACIÓN [http-nio-8081-exec-20] org.apache.catalina.core.ApplicationContext.log Manager: list: Listing contexts for virtual host 'localhost'
21-Oct-2022 13:20:02.519 INFORMACIÓN [http-nio-8081-exec-15] org.apache.catalina.core.ApplicationContext.log Manager: list: Listing contexts for virtual host 'localhost'
21-Oct-2022 13:20:08.297 INFORMACIÓN [http-nio-8081-exec-19] org.apache.catalina.core.ApplicationContext.log Manager: list: Listing contexts for virtual host 'localhost'
21-Oct-2022 13:20:30.684 INFORMACIÓN [http-nio-8081-exec-13] org.apache.catalina.core.ApplicationContext.log Manager: list: Listing contexts for virtual host 'localhost'
21-Oct-2022 13:21:06.116 INFORMACIÓN [http-nio-8081-exec-14] org.apache.catalina.core.ApplicationContext.log Manager: list: Listing contexts for virtual host 'localhost'
21-Oct-2022 13:21:49.978 INFORMACIÓN [http-nio-8081-exec-13] org.apache.catalina.core.ApplicationContext.log Manager: list: Listing contexts for virtual host 'localhost'
21-Oct-2022 13:22:53.558 INFORMACIÓN [http-nio-8081-exec-17] org.apache.catalina.core.ApplicationContext.log Manager: list: Listing contexts for virtual host 'localhost'
21-Oct-2022 13:22:59.261 INFORMACIÓN [http-nio-8081-exec-18] org.apache.catalina.core.ApplicationContext.log Manager: list: Listing contexts for virtual host 'localhost'
21-Oct-2022 13:23:13.320 INFORMACIÓN [http-nio-8081-exec-19] org.apache.catalina.core.ApplicationContext.log Manager: list: Listing contexts for virtual host 'localhost'
21-Oct-2022 13:23:49.635 INFORMACIÓN [http-nio-8081-exec-13] org.apache.catalina.core.ApplicationContext.log Manager: list: Listing contexts for virtual host 'localhost'
21-Oct-2022 13:24:29.567 INFORMACIÓN [http-nio-8081-exec-20] org.apache.catalina.core.ApplicationContext.log Manager: list: Listing contexts for virtual host 'localhost'
21-Oct-2022 13:25:10.903 INFORMACIÓN [http-nio-8081-exec-13] org.apache.catalina.core.ApplicationContext.log Manager: list: Listing contexts for virtual host 'localhost'
21-Oct-2022 13:25:22.047 INFORMACIÓN [http-nio-8081-exec-11] org.apache.catalina.core.ApplicationContext.log Manager: list: Listing contexts for virtual host 'localhost'
21-Oct-2022 13:25:38.381 INFORMACIÓN [http-nio-8081-exec-11] org.apache.catalina.core.ApplicationContext.log Manager: list: Listing contexts for virtual host 'localhost'
21-Oct-2022 14:33:02.930 INFORMACIÓN [http-nio-8081-exec-13] org.apache.catalina.core.ApplicationContext.log Manager: list: Listing contexts for virtual host 'localhost'
21-Oct-2022 14:33:10.896 INFORMACIÓN [http-nio-8081-exec-16] org.apache.catalina.core.ApplicationContext.log Manager: list: Listing contexts for virtual host 'localhost'
21-Oct-2022 14:34:35.539 INFORMACIÓN [http-nio-8081-exec-16] org.apache.catalina.core.ApplicationContext.log Manager: list: Listing contexts for virtual host 'localhost'
21-Oct-2022 14:34:41.325 INFORMACIÓN [http-nio-8081-exec-17] org.apache.catalina.core.ApplicationContext.log Manager: list: Listing contexts for virtual host 'localhost'
21-Oct-2022 14:35:22.096 INFORMACIÓN [http-nio-8081-exec-12] org.apache.catalina.core.ApplicationContext.log Manager: list: Listing contexts for virtual host 'localhost'
21-Oct-2022 14:35:28.517 INFORMACIÓN [http-nio-8081-exec-11] org.apache.catalina.core.ApplicationContext.log Manager: list: Listing contexts for virtual host 'localhost'
21-Oct-2022 14:35:46.600 INFORMACIÓN [http-nio-8081-exec-14] org.apache.catalina.core.ApplicationContext.log Manager: list: Listing contexts for virtual host 'localhost'
21-Oct-2022 14:35:56.969 INFORMACIÓN [http-nio-8081-exec-13] org.apache.catalina.core.ApplicationContext.log Manager: list: Listing contexts for virtual host 'localhost'
21-Oct-2022 14:36:12.278 INFORMACIÓN [http-nio-8081-exec-11] org.apache.catalina.core.ApplicationContext.log Manager: list: Listing contexts for virtual host 'localhost'
21-Oct-2022 14:36:59.245 INFORMACIÓN [http-nio-8081-exec-19] org.apache.catalina.core.ApplicationContext.log Manager: list: Listing contexts for virtual host 'localhost'
21-Oct-2022 14:37:39.764 INFORMACIÓN [http-nio-8081-exec-19] org.apache.catalina.core.ApplicationContext.log Manager: list: Listing contexts for virtual host 'localhost'
21-Oct-2022 14:38:14.280 INFORMACIÓN [http-nio-8081-exec-19] org.apache.catalina.core.ApplicationContext.log Manager: list: Listing contexts for virtual host 'localhost'
21-Oct-2022 14:38:18.976 INFORMACIÓN [http-nio-8081-exec-15] org.apache.catalina.core.ApplicationContext.log Manager: list: Listing contexts for virtual host 'localhost'
21-Oct-2022 14:39:37.520 INFORMACIÓN [http-nio-8081-exec-13] org.apache.catalina.core.ApplicationContext.log Manager: list: Listing contexts for virtual host 'localhost'
21-Oct-2022 14:39:49.973 INFORMACIÓN [http-nio-8081-exec-11] org.apache.catalina.core.ApplicationContext.log Manager: list: Listing contexts for virtual host 'localhost'
21-Oct-2022 14:40:07.125 INFORMACIÓN [http-nio-8081-exec-11] org.apache.catalina.core.ApplicationContext.log Manager: list: Listing contexts for virtual host 'localhost'
21-Oct-2022 14:41:36.000 INFORMACIÓN [http-nio-8081-exec-17] org.apache.catalina.core.ApplicationContext.log Manager: list: Listing contexts for virtual host 'localhost'
21-Oct-2022 14:42:06.238 INFORMACIÓN [http-nio-8081-exec-16] org.apache.catalina.core.ApplicationContext.log Manager: list: Listing contexts for virtual host 'localhost'
21-Oct-2022 14:42:37.059 INFORMACIÓN [http-nio-8081-exec-16] org.apache.catalina.core.ApplicationContext.log Manager: list: Listing contexts for virtual host 'localhost'
21-Oct-2022 14:42:50.781 INFORMACIÓN [http-nio-8081-exec-12] org.apache.catalina.core.ApplicationContext.log Manager: list: Listing contexts for virtual host 'localhost'
21-Oct-2022 14:43:41.839 INFORMACIÓN [http-nio-8081-exec-12] org.apache.catalina.core.ApplicationContext.log Manager: list: Listing contexts for virtual host 'localhost'
21-Oct-2022 14:44:00.549 INFORMACIÓN [http-nio-8081-exec-18] org.apache.catalina.core.ApplicationContext.log Manager: list: Listing contexts for virtual host 'localhost'
21-Oct-2022 14:44:07.576 INFORMACIÓN [http-nio-8081-exec-18] org.apache.catalina.core.ApplicationContext.log Manager: list: Listing contexts for virtual host 'localhost'
21-Oct-2022 14:44:41.576 INFORMACIÓN [http-nio-8081-exec-18] org.apache.catalina.core.ApplicationContext.log Manager: list: Listing contexts for virtual host 'localhost'
21-Oct-2022 14:45:34.639 INFORMACIÓN [http-nio-8081-exec-18] org.apache.catalina.core.ApplicationContext.log Manager: list: Listing contexts for virtual host 'localhost'
21-Oct-2022 14:45:59.646 INFORMACIÓN [http-nio-8081-exec-11] org.apache.catalina.core.ApplicationContext.log Manager: list: Listing contexts for virtual host 'localhost'
21-Oct-2022 14:46:07.253 INFORMACIÓN [http-nio-8081-exec-12] org.apache.catalina.core.ApplicationContext.log Manager: list: Listing contexts for virtual host 'localhost'
21-Oct-2022 14:46:17.890 INFORMACIÓN [http-nio-8081-exec-13] org.apache.catalina.core.ApplicationContext.log Manager: list: Listing contexts for virtual host 'localhost'
21-Oct-2022 14:46:32.290 INFORMACIÓN [http-nio-8081-exec-19] org.apache.catalina.core.ApplicationContext.log Manager: list: Listing contexts for virtual host 'localhost'
21-Oct-2022 14:46:39.463 INFORMACIÓN [http-nio-8081-exec-11] org.apache.catalina.core.ApplicationContext.log Manager: list: Listing contexts for virtual host 'localhost'
21-Oct-2022 14:47:29.759 INFORMACIÓN [http-nio-8081-exec-12] org.apache.catalina.core.ApplicationContext.log Manager: list: Listing contexts for virtual host 'localhost'
21-Oct-2022 14:47:59.906 INFORMACIÓN [http-nio-8081-exec-20] org.apache.catalina.core.ApplicationContext.log Manager: list: Listing contexts for virtual host 'localhost'
21-Oct-2022 14:48:23.871 INFORMACIÓN [http-nio-8081-exec-20] org.apache.catalina.core.ApplicationContext.log Manager: list: Listing contexts for virtual host 'localhost'
21-Oct-2022 14:48:47.604 INFORMACIÓN [http-nio-8081-exec-11] org.apache.catalina.core.ApplicationContext.log Manager: list: Listing contexts for virtual host 'localhost'
21-Oct-2022 14:49:09.450 INFORMACIÓN [http-nio-8081-exec-20] org.apache.catalina.core.ApplicationContext.log Manager: list: Listing contexts for virtual host 'localhost'
21-Oct-2022 14:49:14.455 INFORMACIÓN [http-nio-8081-exec-12] org.apache.catalina.core.ApplicationContext.log Manager: list: Listing contexts for virtual host 'localhost'
21-Oct-2022 14:50:24.781 INFORMACIÓN [http-nio-8081-exec-19] org.apache.catalina.core.ApplicationContext.log Manager: list: Listing contexts for virtual host 'localhost'
21-Oct-2022 14:50:47.613 INFORMACIÓN [http-nio-8081-exec-18] org.apache.catalina.core.ApplicationContext.log Manager: list: Listing contexts for virtual host 'localhost'
21-Oct-2022 14:51:03.919 INFORMACIÓN [http-nio-8081-exec-14] org.apache.catalina.core.ApplicationContext.log Manager: list: Listing contexts for virtual host 'localhost'
21-Oct-2022 14:51:08.428 INFORMACIÓN [http-nio-8081-exec-16] org.apache.catalina.core.ApplicationContext.log Manager: list: Listing contexts for virtual host 'localhost'
21-Oct-2022 14:52:02.395 INFORMACIÓN [http-nio-8081-exec-13] org.apache.catalina.core.ApplicationContext.log Manager: list: Listing contexts for virtual host 'localhost'
21-Oct-2022 14:52:53.115 INFORMACIÓN [http-nio-8081-exec-20] org.apache.catalina.core.ApplicationContext.log Manager: list: Listing contexts for virtual host 'localhost'
21-Oct-2022 14:53:13.393 INFORMACIÓN [http-nio-8081-exec-19] org.apache.catalina.core.ApplicationContext.log Manager: list: Listing contexts for virtual host 'localhost'
21-Oct-2022 14:53:26.000 INFORMACIÓN [http-nio-8081-exec-15] org.apache.catalina.core.ApplicationContext.log Manager: list: Listing contexts for virtual host 'localhost'
21-Oct-2022 14:54:02.290 INFORMACIÓN [http-nio-8081-exec-11] org.apache.catalina.core.ApplicationContext.log Manager: list: Listing contexts for virtual host 'localhost'
21-Oct-2022 14:54:06.797 INFORMACIÓN [http-nio-8081-exec-13] org.apache.catalina.core.ApplicationContext.log Manager: list: Listing contexts for virtual host 'localhost'
21-Oct-2022 14:54:26.078 INFORMACIÓN [http-nio-8081-exec-20] org.apache.catalina.core.ApplicationContext.log Manager: list: Listing contexts for virtual host 'localhost'
21-Oct-2022 14:55:30.583 INFORMACIÓN [http-nio-8081-exec-14] org.apache.catalina.core.ApplicationContext.log Manager: list: Listing contexts for virtual host 'localhost'
21-Oct-2022 14:55:58.514 INFORMACIÓN [http-nio-8081-exec-20] org.apache.catalina.core.ApplicationContext.log Manager: list: Listing contexts for virtual host 'localhost'
21-Oct-2022 14:56:01.801 INFORMACIÓN [http-nio-8081-exec-18] org.apache.catalina.core.ApplicationContext.log Manager: list: Listing contexts for virtual host 'localhost'
21-Oct-2022 14:56:20.749 INFORMACIÓN [http-nio-8081-exec-11] org.apache.catalina.core.ApplicationContext.log Manager: list: Listing contexts for virtual host 'localhost'
21-Oct-2022 14:56:31.105 INFORMACIÓN [http-nio-8081-exec-20] org.apache.catalina.core.ApplicationContext.log Manager: list: Listing contexts for virtual host 'localhost'
21-Oct-2022 14:56:52.060 INFORMACIÓN [http-nio-8081-exec-15] org.apache.catalina.core.ApplicationContext.log Manager: list: Listing contexts for virtual host 'localhost'
21-Oct-2022 14:58:00.170 INFORMACIÓN [http-nio-8081-exec-15] org.apache.catalina.core.ApplicationContext.log Manager: list: Listing contexts for virtual host 'localhost'
21-Oct-2022 14:58:00.239 INFORMACIÓN [http-nio-8081-exec-19] org.apache.catalina.core.ApplicationContext.log Manager: restart: Reloading web application '/examen_parcial'
21-Oct-2022 14:59:09.365 INFORMACIÓN [http-nio-8081-exec-2] org.apache.catalina.core.ApplicationContext.log Manager: init: Associated with Deployer 'Catalina:type=Deployer,host=localhost'
21-Oct-2022 14:59:09.365 INFORMACIÓN [http-nio-8081-exec-2] org.apache.catalina.core.ApplicationContext.log Manager: init: Global resources are available
21-Oct-2022 14:59:09.378 INFORMACIÓN [http-nio-8081-exec-1] org.apache.catalina.core.ApplicationContext.log Manager: list: Listing contexts for virtual host 'localhost'
21-Oct-2022 14:59:09.382 INFORMACIÓN [http-nio-8081-exec-5] org.apache.catalina.core.ApplicationContext.log Manager: list: Listing contexts for virtual host 'localhost'
21-Oct-2022 14:59:09.402 INFORMACIÓN [http-nio-8081-exec-6] org.apache.catalina.core.ApplicationContext.log Manager: undeploy: Undeploying web application at '/examen_parcial'
21-Oct-2022 14:59:09.947 INFORMACIÓN [http-nio-8081-exec-5] org.apache.catalina.core.ApplicationContext.log Manager: install: Installing context configuration at 'file:/C:/Users/JIMMY/AppData/Local/Temp/context7188915789529609514.xml'
21-Oct-2022 14:59:10.295 INFORMACIÓN [http-nio-8081-exec-8] org.apache.catalina.core.ApplicationContext.log Manager: start: Starting web application '/examen_parcial'
21-Oct-2022 15:00:10.259 INFORMACIÓN [http-nio-8081-exec-15] org.apache.catalina.core.ApplicationContext.log Manager: list: Listing contexts for virtual host 'localhost'
21-Oct-2022 15:00:10.279 INFORMACIÓN [http-nio-8081-exec-16] org.apache.catalina.core.ApplicationContext.log Manager: restart: Reloading web application '/examen_parcial'
21-Oct-2022 15:00:22.958 INFORMACIÓN [http-nio-8081-exec-21] org.apache.catalina.core.ApplicationContext.log Manager: list: Listing contexts for virtual host 'localhost'
21-Oct-2022 15:00:22.983 INFORMACIÓN [http-nio-8081-exec-13] org.apache.catalina.core.ApplicationContext.log Manager: restart: Reloading web application '/examen_parcial'
21-Oct-2022 15:01:28.343 INFORMACIÓN [http-nio-8081-exec-25] org.apache.catalina.core.ApplicationContext.log Manager: list: Listing contexts for virtual host 'localhost'
21-Oct-2022 15:02:14.682 INFORMACIÓN [http-nio-8081-exec-25] org.apache.catalina.core.ApplicationContext.log Manager: list: Listing contexts for virtual host 'localhost'
21-Oct-2022 15:02:25.907 INFORMACIÓN [http-nio-8081-exec-27] org.apache.catalina.core.ApplicationContext.log Manager: list: Listing contexts for virtual host 'localhost'
21-Oct-2022 16:32:28.959 INFORMACIÓN [http-nio-8081-exec-4] org.apache.catalina.core.ApplicationContext.log Manager: init: Associated with Deployer 'Catalina:type=Deployer,host=localhost'
21-Oct-2022 16:32:28.959 INFORMACIÓN [http-nio-8081-exec-4] org.apache.catalina.core.ApplicationContext.log Manager: init: Global resources are available
21-Oct-2022 16:32:28.995 INFORMACIÓN [http-nio-8081-exec-7] org.apache.catalina.core.ApplicationContext.log Manager: list: Listing contexts for virtual host 'localhost'
21-Oct-2022 16:32:29.001 INFORMACIÓN [http-nio-8081-exec-8] org.apache.catalina.core.ApplicationContext.log Manager: list: Listing contexts for virtual host 'localhost'
21-Oct-2022 16:32:29.023 INFORMACIÓN [http-nio-8081-exec-9] org.apache.catalina.core.ApplicationContext.log Manager: undeploy: Undeploying web application at '/examen_parcial'
21-Oct-2022 16:32:29.593 INFORMACIÓN [http-nio-8081-exec-3] org.apache.catalina.core.ApplicationContext.log Manager: install: Installing context configuration at 'file:/C:/Users/JIMMY/AppData/Local/Temp/context6004854424594660894.xml'
21-Oct-2022 16:32:29.931 INFORMACIÓN [http-nio-8081-exec-1] org.apache.catalina.core.ApplicationContext.log Manager: start: Starting web application '/examen_parcial'
21-Oct-2022 16:38:34.047 INFORMACIÓN [http-nio-8081-exec-14] org.apache.catalina.core.ApplicationContext.log Manager: list: Listing contexts for virtual host 'localhost'
21-Oct-2022 16:38:34.084 INFORMACIÓN [http-nio-8081-exec-18] org.apache.catalina.core.ApplicationContext.log Manager: restart: Reloading web application '/examen_parcial'
21-Oct-2022 16:38:37.896 INFORMACIÓN [http-nio-8081-exec-15] org.apache.catalina.core.ApplicationContext.log Manager: list: Listing contexts for virtual host 'localhost'
21-Oct-2022 16:38:37.899 INFORMACIÓN [http-nio-8081-exec-13] org.apache.catalina.core.ApplicationContext.log Manager: list: Listing contexts for virtual host 'localhost'
21-Oct-2022 16:38:37.908 INFORMACIÓN [http-nio-8081-exec-17] org.apache.catalina.core.ApplicationContext.log Manager: undeploy: Undeploying web application at '/examen_parcial'
21-Oct-2022 16:38:38.445 INFORMACIÓN [http-nio-8081-exec-20] org.apache.catalina.core.ApplicationContext.log Manager: install: Installing context configuration at 'file:/C:/Users/JIMMY/AppData/Local/Temp/context4661427527755346650.xml'
21-Oct-2022 16:38:38.753 INFORMACIÓN [http-nio-8081-exec-19] org.apache.catalina.core.ApplicationContext.log Manager: start: Starting web application '/examen_parcial'
21-Oct-2022 16:39:45.541 INFORMACIÓN [http-nio-8081-exec-27] org.apache.catalina.core.ApplicationContext.log Manager: list: Listing contexts for virtual host 'localhost'
21-Oct-2022 16:49:01.582 INFORMACIÓN [http-nio-8081-exec-4] org.apache.catalina.core.ApplicationContext.log Manager: init: Associated with Deployer 'Catalina:type=Deployer,host=localhost'
21-Oct-2022 16:49:01.582 INFORMACIÓN [http-nio-8081-exec-4] org.apache.catalina.core.ApplicationContext.log Manager: init: Global resources are available
21-Oct-2022 16:49:01.618 INFORMACIÓN [http-nio-8081-exec-1] org.apache.catalina.core.ApplicationContext.log Manager: list: Listing contexts for virtual host 'localhost'
21-Oct-2022 16:49:01.638 INFORMACIÓN [http-nio-8081-exec-7] org.apache.catalina.core.ApplicationContext.log Manager: undeploy: Undeploying web application at '/examen_parcial'
21-Oct-2022 16:49:02.195 INFORMACIÓN [http-nio-8081-exec-9] org.apache.catalina.core.ApplicationContext.log Manager: install: Installing context configuration at 'file:/C:/Users/JIMMY/AppData/Local/Temp/context8062824856593932357.xml'
21-Oct-2022 16:49:02.532 INFORMACIÓN [http-nio-8081-exec-6] org.apache.catalina.core.ApplicationContext.log Manager: start: Starting web application '/examen_parcial'
